-------------------------------------------------------------------------------
Test set: com.puntomartinez.millete.plannedtransactions.infrastructure.out.persistence.postgresql.adapters.PlannedTransactionPostgresAdapterTest
-------------------------------------------------------------------------------
Tests run: 0, Failures: 0, Errors: 0, Skipped: 0, Time elapsed: 1.107 s -- in com.puntomartinez.millete.plannedtransactions.infrastructure.out.persistence.postgresql.adapters.PlannedTransactionPostgresAdapterTest
