<?xml version="1.0" encoding="UTF-8"?>
<testsuite xmlns:xsi="http://www.w3.org/2001/XMLSchema-instance" xsi:noNamespaceSchemaLocation="https://maven.apache.org/surefire/maven-surefire-plugin/xsd/surefire-test-report.xsd" version="3.0.2" name="com.puntomartinez.millete.plannedtransactions.infrastructure.in.controller.PlannedTransactionControllerTest" time="5.213" tests="9" errors="0" skipped="0" failures="0" flakes="0">
  <properties>
[...]
</properties>
  <testcase name="shouldUseSinCategoriaWhenCategoryIdIsNull" classname="registerPlannedTransaction" time="4.306">
    <system-err><![CDATA[Mockito is currently self-attaching to enable the inline-mock-maker. This will no longer work in future releases of the JDK. Please add Mockito as an agent to your build as described in Mockito's documentation: https://javadoc.io/doc/org.mockito/mockito-core/latest/org.mockito/org/mockito/Mockito.html#0.3
WARNING: A Java agent has been loaded dynamically (/root/.m2/repository/net/bytebuddy/byte-buddy-agent/1.17.8/byte-buddy-agent-1.17.8.jar)
WARNING: If a serviceability tool is in use, please run with -XX:+EnableDynamicAgentLoading to hide this warning
WARNING: If a serviceability tool is not in use, please run with -Djdk.instrument.traceUsage for more information
WARNING: Dynamic loading of agents will be disallowed by default in a future release
]]></system-err>
  </testcase>
  <testcase name="shouldRegisterAndReturn201" classname="registerPlannedTransaction" time="0.098"/>
  <testcase name="shouldUpdateAndReturn200" classname="updatePlannedTransaction" time="0.084"/>
  <testcase name="shouldDeleteAndReturn204" classname="deletePlannedTransaction" time="0.016"/>
  <testcase name="shouldClampPageToLastValid" classname="getAll" time="0.02"/>
  <testcase name="shouldRejectNegativePage" classname="getAll" time="0.095"/>
  <testcase name="shouldUseSinCategoriaWhenCategoryMissing" classname="getAll" time="0.073"/>
  <testcase name="shouldRejectNonPositiveSize" classname="getAll" time="0.015"/>
  <testcase name="shouldReturnPaginatedResponse" classname="getAll" time="0.084"/>
</testsuite>