<?xml version="1.0" encoding="UTF-8" standalone="yes"?><!DOCTYPE report PUBLIC "-//JACOCO//DTD Report 1.1//EN" "report.dtd"><report name="millete"><sessioninfo id="c-6ab6a819-01ed1602-fd2af0a95a9b-35cd27b9" start="1790355783627" dump="1790355789231"/><sessioninfo id="c-6ab6a819-01ed1602-fd2af0a95a9b-2783e709" start="1790355840730" dump="1790355845226"/><sessioninfo id="c-6ab6a819-01ed1602-fd2af0a95a9b-dc9418dc" start="1790355893297" dump="1790355937230"/><sessioninfo id="c-6ab6a819-01ed1602-fd2af0a95a9b-97251fb8" start="1790356001646" dump="1790356005530"/><sessioninfo id="c-6ab6a819-01ed1602-fd2af0a95a9b-96d3be75" start="1790356895613" dump="1790356934520"/><sessioninfo id="c-6ab6a819-01ed1602-fd2af0a95a9b-85314d82" start="1790357001617" dump="1790357042127"/><sessioninfo id="c-6ab6a819-01ed1602-fd2af0a95a9b-84bfa409" start="1790357086529" dump="1790357126314"/><sessioninfo id="c-6ab6a819-01ed1602-fd2af0a95a9b-994e6ee0" start="1790357170047" dump="1790357211109"/><sessioninfo id="c-6ab6a819-01ed1602-fd2af0a95a9b-9d8cf1b9" start="1790357258141" dump="1790357271392"/><sessioninfo id="c-6ab6a819-01ed1602-fd2af0a95a9b-8f727c7e" start="1790357358398" dump="1790357399247"/><sessioninfo id="c-6ab6a819-01ed1602-fd2af0a95a9b-adce8ef2" start="1790357457729" dump="1790357469137"/><sessioninfo id="c-6ab6a819-01ed1602-fd2af0a95a9b-94141c24" start="1790357525927" dump="1790357567940"/><package name="com/puntomartinez/millete/plannedtransactions/infrastructure/in/controller"><class name="com/puntomartinez/millete/plannedtransactions/infrastructure/in/controller/PlannedTransactionController" sourcefilename="PlannedTransactionController.java"><method name="&lt;init&gt;" desc="(Lcom/puntomartinez/millete/plannedtransactions/domain/ports/in/RegisterPlannedTransactionUseCase;Lcom/puntomartinez/millete/plannedtransactions/domain/ports/in/ListPlannedTransactionsUseCase;Lcom/puntomartinez/millete/plannedtransactions/domain/ports/in/UpdatePlannedTransactionUseCase;Lcom/puntomartinez/millete/plannedtransactions/domain/ports/in/DeletePlannedTransactionUseCase;Lcom/puntomartinez/millete/plannedtransactions/domain/ports/out/CategoryDisplayPort;)V" line="45"><counter type="INSTRUCTION" missed="0" covered="18"/><counter type="LINE" missed="0" covered="7"/><counter type="COMPLEXITY" missed="0" covered="1"/><counter type="METHOD" missed="0" covered="1"/></method><method name="registerPlannedTransaction" desc="(Lcom/puntomartinez/millete/plannedtransactions/infrastructure/in/controller/dto/RegisterPlannedTransactionRequestDTO;Lorg/springframework/security/core/Authentication;)Lorg/springframework/http/ResponseEntity;" line="58"><counter type="INSTRUCTION" missed="0" covered="39"/><counter type="LINE" missed="0" covered="16"/><counter type="COMPLEXITY" missed="0" covered="1"/><counter type="METHOD" missed="0" covered="1"/></method><method name="getAll" desc="(IILjava/lang/String;Lcom/puntomartinez/millete/transactions/domain/model/Transaction$TransactionType;Lorg/springframework/security/core/Authentication;)Lorg/springframework/http/ResponseEntity;" line="90"><counter type="INSTRUCTION" missed="4" covered="92"/><counter type="BRANCH" missed="4" covered="6"/><counter type="LINE" missed="0" covered="23"/><counter type="COMPLEXITY" missed="3" covered="3"/><counter type="METHOD" missed="0" covered="1"/></method><method name="updatePlannedTransaction" desc="(Ljava/util/UUID;Lcom/puntomartinez/millete/plannedtransactions/infrastructure/in/controller/dto/UpdatePlannedTransactionRequestDTO;Lorg/springframework/security/core/Authentication;)Lorg/springframework/http/ResponseEntity;" line="159"><counter type="INSTRUCTION" missed="0" covered="34"/><counter type="LINE" missed="0" covered="12"/><counter type="COMPLEXITY" missed="0" covered="1"/><counter type="METHOD" missed="0" covered="1"/></method><method name="deletePlannedTransaction" desc="(Ljava/util/UUID;Lorg/springframework/security/core/Authentication;)Lorg/springframework/http/ResponseEntity;" line="184"><counter type="INSTRUCTION" missed="0" covered="13"/><counter type="LINE" missed="0" covered="4"/><counter type="COMPLEXITY" missed="0" covered="1"/><counter type="METHOD" missed="0" covered="1"/></method><method name="resolveCategoryDisplay" desc="(Ljava/util/UUID;Ljava/util/UUID;)Lcom/puntomartinez/millete/plannedtransactions/domain/ports/out/CategoryDisplayPort$CategoryDisplay;" line="196"><counter type="INSTRUCTION" missed="0" covered="13"/><counter type="BRANCH" missed="0" covered="2"/><counter type="LINE" missed="0" covered="5"/><counter type="COMPLEXITY" missed="0" covered="2"/><counter type="METHOD" missed="0" covered="1"/></method><method name="mapToResponse" desc="(Lcom/puntomartinez/millete/plannedtransactions/domain/model/PlannedTransaction;Ljava/util/UUID;)Lcom/puntomartinez/millete/plannedtransactions/infrastructure/in/controller/dto/PlannedTransactionResponseDTO;" line="209"><counter type="INSTRUCTION" missed="0" covered="11"/><counter type="LINE" missed="0" covered="4"/><counter type="COMPLEXITY" missed="0" covered="1"/><counter type="METHOD" missed="0" covered="1"/></method><method name="mapToResponse" desc="(Lcom/puntomartinez/millete/plannedtransactions/domain/model/PlannedTransaction;Ljava/util/Map;)Lcom/puntomartinez/millete/plannedtransactions/infrastructure/in/controller/dto/PlannedTransactionResponseDTO;" line="223"><counter type="INSTRUCTION" missed="1" covered="15"/><counter type="BRANCH" missed="1" covered="1"/><counter type="LINE" missed="0" covered="4"/><counter type="COMPLEXITY" missed="1" covered="1"/><counter type="METHOD" missed="0" covered="1"/></method><method name="mapToResponse" desc="(Lcom/puntomartinez/millete/plannedtransactions/domain/model/PlannedTransaction;Lcom/puntomartinez/millete/plannedtransactions/domain/ports/out/CategoryDisplayPort$CategoryDisplay;)Lcom/puntomartinez/millete/plannedtransactions/infrastructure/in/controller/dto/PlannedTransactionResponseDTO;" line="234"><counter type="INSTRUCTION" missed="0" covered="34"/><counter type="BRANCH" missed="0" covered="2"/><counter type="LINE" missed="0" covered="15"/><counter type="COMPLEXITY" missed="0" covered="2"/><counter type="METHOD" missed="0" covered="1"/></method><method name="lambda$getAll$2" desc="(Ljava/util/Map;Lcom/puntomartinez/millete/plannedtransactions/domain/model/PlannedTransaction;)Lcom/puntomartinez/millete/plannedtransactions/infrastructure/in/controller/dto/PlannedTransactionResponseDTO;" line="137"><counter type="INSTRUCTION" missed="0" covered="5"/><counter type="LINE" missed="0" covered="1"/><counter type="COMPLEXITY" missed="0" covered="1"/><counter type="METHOD" missed="0" covered="1"/></method><method name="lambda$getAll$1" desc="(Lcom/puntomartinez/millete/plannedtransactions/domain/ports/out/CategoryDisplayPort$CategoryDisplay;Lcom/puntomartinez/millete/plannedtransactions/domain/ports/out/CategoryDisplayPort$CategoryDisplay;)Lcom/puntomartinez/millete/plannedtransactions/domain/ports/out/CategoryDisplayPort$CategoryDisplay;" line="132"><counter type="INSTRUCTION" missed="2" covered="0"/><counter type="LINE" missed="1" covered="0"/><counter type="COMPLEXITY" missed="1" covered="0"/><counter type="METHOD" missed="1" covered="0"/></method><method name="lambda$getAll$0" desc="(Lcom/puntomartinez/millete/plannedtransactions/domain/ports/out/CategoryDisplayPort$CategoryDisplay;)Lcom/puntomartinez/millete/plannedtransactions/domain/ports/out/CategoryDisplayPort$CategoryDisplay;" line="131"><counter type="INSTRUCTION" missed="0" covered="2"/><counter type="LINE" missed="0" covered="1"/><counter type="COMPLEXITY" missed="0" covered="1"/><counter type="METHOD" missed="0" covered="1"/></method><counter type="INSTRUCTION" missed="7" covered="276"/><counter type="BRANCH" missed="5" covered="11"/><counter type="LINE" missed="1" covered="91"/><counter type="COMPLEXITY" missed="5" covered="15"/><counter type="METHOD" missed="1" covered="11"/><counter type="CLASS" missed="0" covered="1"/></class><sourcefile name="PlannedTransactionController.java"><line nr="45" mi="0" ci="2" mb="0" cb="0"/><line nr="46" mi="0" ci="3" mb="0" cb="0"/><line nr="47" mi="0" ci="3" mb="0" cb="0"/><line nr="48" mi="0" ci="3" mb="0" cb="0"/><line nr="49" mi="0" ci="3" mb="0" cb="0"/><line nr="50" mi="0" ci="3" mb="0" cb="0"/><line nr="51" mi="0" ci="1" mb="0" cb="0"/><line nr="58" mi="0" ci="1" mb="0" cb="0"/><line nr="59" mi="0" ci="4" mb="0" cb="0"/><line nr="61" mi="0" ci="4" mb="0" cb="0"/><line nr="64" mi="0" ci="2" mb="0" cb="0"/><line nr="65" mi="0" ci="2" mb="0" cb="0"/><line nr="66" mi="0" ci="2" mb="0" cb="0"/><line nr="67" mi="0" ci="2" mb="0" cb="0"/><line nr="68" mi="0" ci="2" mb="0" cb="0"/><line nr="69" mi="0" ci="2" mb="0" cb="0"/><line nr="70" mi="0" ci="2" mb="0" cb="0"/><line nr="71" mi="0" ci="3" mb="0" cb="0"/><line nr="74" mi="0" ci="3" mb="0" cb="0"/><line nr="75" mi="0" ci="2" mb="0" cb="0"/><line nr="77" mi="0" ci="2" mb="0" cb="0"/><line nr="78" mi="0" ci="4" mb="0" cb="0"/><line nr="79" mi="0" ci="2" mb="0" cb="0"/><line nr="90" mi="0" ci="2" mb="0" cb="2"/><line nr="91" mi="0" ci="5" mb="0" cb="0"/><line nr="95" mi="0" ci="2" mb="0" cb="2"/><line nr="96" mi="0" ci="5" mb="0" cb="0"/><line nr="101" mi="0" ci="1" mb="0" cb="0"/><line nr="102" mi="0" ci="4" mb="0" cb="0"/><line nr="104" mi="0" ci="5" mb="0" cb="0"/><line nr="105" mi="0" ci="2" mb="0" cb="0"/><line nr="111" mi="0" ci="5" mb="0" cb="0"/><line nr="112" mi="0" ci="3" mb="0" cb="0"/><line nr="114" mi="0" ci="5" mb="0" cb="0"/><line nr="115" mi="0" ci="3" mb="0" cb="0"/><line nr="117" mi="0" ci="7" mb="0" cb="0"/><line nr="118" mi="0" ci="2" mb="0" cb="0"/><line nr="126" mi="0" ci="3" mb="0" cb="0"/><line nr="127" mi="0" ci="1" mb="0" cb="0"/><line nr="128" mi="0" ci="4" mb="0" cb="0"/><line nr="129" mi="0" ci="4" mb="0" cb="0"/><line nr="131" mi="0" ci="2" mb="0" cb="0"/><line nr="132" mi="2" ci="0" mb="0" cb="0"/><line nr="135" mi="0" ci="1" mb="0" cb="0"/><line nr="136" mi="0" ci="4" mb="0" cb="0"/><line nr="137" mi="0" ci="6" mb="0" cb="0"/><line nr="138" mi="0" ci="2" mb="0" cb="0"/><line nr="140" mi="4" ci="21" mb="4" cb="2"/><line nr="159" mi="0" ci="5" mb="0" cb="0"/><line nr="161" mi="0" ci="3" mb="0" cb="0"/><line nr="163" mi="0" ci="2" mb="0" cb="0"/><line nr="164" mi="0" ci="2" mb="0" cb="0"/><line nr="165" mi="0" ci="2" mb="0" cb="0"/><line nr="166" mi="0" ci="2" mb="0" cb="0"/><line nr="167" mi="0" ci="2" mb="0" cb="0"/><line nr="168" mi="0" ci="3" mb="0" cb="0"/><line nr="171" mi="0" ci="5" mb="0" cb="0"/><line nr="172" mi="0" ci="2" mb="0" cb="0"/><line nr="174" mi="0" ci="5" mb="0" cb="0"/><line nr="175" mi="0" ci="1" mb="0" cb="0"/><line nr="184" mi="0" ci="1" mb="0" cb="0"/><line nr="185" mi="0" ci="4" mb="0" cb="0"/><line nr="187" mi="0" ci="5" mb="0" cb="0"/><line nr="189" mi="0" ci="3" mb="0" cb="0"/><line nr="196" mi="0" ci="2" mb="0" cb="2"/><line nr="197" mi="0" ci="2" mb="0" cb="0"/><line nr="200" mi="0" ci="5" mb="0" cb="0"/><line nr="201" mi="0" ci="2" mb="0" cb="0"/><line nr="202" mi="0" ci="2" mb="0" cb="0"/><line nr="209" mi="0" ci="2" mb="0" cb="0"/><line nr="210" mi="0" ci="2" mb="0" cb="0"/><line nr="211" mi="0" ci="2" mb="0" cb="0"/><line nr="215" mi="0" ci="5" mb="0" cb="0"/><line nr="223" mi="0" ci="3" mb="1" cb="1"/><line nr="224" mi="0" ci="6" mb="0" cb="0"/><line nr="225" mi="1" ci="1" mb="0" cb="0"/><line nr="227" mi="0" ci="5" mb="0" cb="0"/><line nr="234" mi="0" ci="2" mb="0" cb="2"/><line nr="235" mi="0" ci="3" mb="0" cb="0"/><line nr="236" mi="0" ci="2" mb="0" cb="0"/><line nr="238" mi="0" ci="4" mb="0" cb="0"/><line nr="239" mi="0" ci="2" mb="0" cb="0"/><line nr="240" mi="0" ci="3" mb="0" cb="0"/><line nr="242" mi="0" ci="2" mb="0" cb="0"/><line nr="243" mi="0" ci="2" mb="0" cb="0"/><line nr="244" mi="0" ci="2" mb="0" cb="0"/><line nr="245" mi="0" ci="2" mb="0" cb="0"/><line nr="246" mi="0" ci="2" mb="0" cb="0"/><line nr="247" mi="0" ci="2" mb="0" cb="0"/><line nr="248" mi="0" ci="2" mb="0" cb="0"/><line nr="249" mi="0" ci="2" mb="0" cb="0"/><line nr="250" mi="0" ci="2" mb="0" cb="0"/><counter type="INSTRUCTION" missed="7" covered="276"/><counter type="BRANCH" missed="5" covered="11"/><counter type="LINE" missed="1" covered="91"/><counter type="COMPLEXITY" missed="5" covered="15"/><counter type="METHOD" missed="1" covered="11"/><counter type="CLASS" missed="0" covered="1"/></sourcefile><counter type="INSTRUCTION" missed="7" covered="276"/><counter type="BRANCH" missed="5" covered="11"/><counter type="LINE" missed="1" covered="91"/><counter type="COMPLEXITY" missed="5" covered="15"/><counter type="METHOD" missed="1" covered="11"/><counter type="CLASS" missed="0" covered="1"/></package><package name="com/puntomartinez/millete/plannedtransactions/infrastructure/out/persistence/postgresql/repository"><class name="com/puntomartinez/millete/plannedtransactions/infrastructure/out/persistence/postgresql/repository/JpaPlannedTransactionRepository" sourcefilename="JpaPlannedTransactionRepository.java"/><sourcefile name="JpaPlannedTransactionRepository.java"/></package><package name="com/puntomartinez/millete/notifications/domain/model"><class name="com/puntomartinez/millete/notifications/domain/model/PaginatedNotifications" sourcefilename="PaginatedNotifications.java"><method name="&lt;init&gt;" desc="(Ljava/util/List;IIJIZZ)V" line="5"><counter type="INSTRUCTION" missed="0" covered="24"/><counter type="LINE" missed="0" covered="1"/><counter type="COMPLEXITY" missed="0" covered="1"/><counter type="METHOD" missed="0" covered="1"/></method><counter type="INSTRUCTION" missed="0" covered="24"/><counter type="LINE" missed="0" covered="1"/><counter type="COMPLEXITY" missed="0" covered="1"/><counter type="METHOD" missed="0" covered="1"/><counter type="CLASS" missed="0" covered="1"/></class><class name="com/puntomartinez/millete/notifications/domain/model/Notification" sourcefilename="Notification.java"><method name="&lt;init&gt;" desc="(Ljava/util/UUID;Ljava/util/UUID;Lcom/puntomartinez/millete/notifications/domain/model/NotificationType;Ljava/lang/String;Ljava/lang/String;Ljava/util/Map;ZZLjava/time/LocalDateTime;Ljava/time/LocalDateTime;Ljava/time/LocalDateTime;Z)V" line="39"><counter type="INSTRUCTION" missed="0" covered="54"/><counter type="BRANCH" missed="0" covered="2"/><counter type="LINE" missed="0" covered="21"/><counter type="COMPLEXITY" missed="0" covered="2"/><counter type="METHOD" missed="0" covered="1"/></method><method name="create" desc="(Ljava/util/UUID;Lcom/puntomartinez/millete/notifications/domain/model/NotificationType;Ljava/lang/String;Ljava/lang/String;Ljava/util/Map;ZLjava/time/LocalDateTime;)Lcom/puntomartinez/millete/notifications/domain/model/Notification;" line="71"><counter type="INSTRUCTION" missed="0" covered="16"/><counter type="LINE" missed="0" covered="3"/><counter type="COMPLEXITY" missed="0" covered="1"/><counter type="METHOD" missed="0" covered="1"/></method><method name="reconstitute" desc="(Ljava/util/UUID;Ljava/util/UUID;Lcom/puntomartinez/millete/notifications/domain/model/NotificationType;Ljava/lang/String;Ljava/lang/String;Ljava/util/Map;ZZLjava/time/LocalDateTime;Ljava/time/LocalDateTime;Ljava/time/LocalDateTime;Z)Lcom/puntomartinez/millete/notifications/domain/model/Notification;" line="101"><counter type="INSTRUCTION" missed="0" covered="16"/><counter type="LINE" missed="0" covered="1"/><counter type="COMPLEXITY" missed="0" covered="1"/><counter type="METHOD" missed="0" covered="1"/></method><method name="markAsRead" desc="()Z" line="118"><counter type="INSTRUCTION" missed="0" covered="10"/><counter type="BRANCH" missed="0" covered="2"/><counter type="LINE" missed="0" covered="4"/><counter type="COMPLEXITY" missed="0" covered="2"/><counter type="METHOD" missed="0" covered="1"/></method><method name="markAsActioned" desc="()Z" line="127"><counter type="INSTRUCTION" missed="0" covered="18"/><counter type="BRANCH" missed="0" covered="4"/><counter type="LINE" missed="0" covered="6"/><counter type="COMPLEXITY" missed="0" covered="3"/><counter type="METHOD" missed="0" covered="1"/></method><method name="softDelete" desc="()V" line="142"><counter type="INSTRUCTION" missed="0" covered="4"/><counter type="LINE" missed="0" covered="2"/><counter type="COMPLEXITY" missed="0" covered="1"/><counter type="METHOD" missed="0" covered="1"/></method><method name="isExpired" desc="()Z" line="146"><counter type="INSTRUCTION" missed="0" covered="12"/><counter type="BRANCH" missed="0" covered="4"/><counter type="LINE" missed="0" covered="2"/><counter type="COMPLEXITY" missed="0" covered="3"/><counter type="METHOD" missed="0" covered="1"/></method><method name="validateId" desc="(Ljava/util/UUID;)V" line="151"><counter type="INSTRUCTION" missed="0" covered="8"/><counter type="BRANCH" missed="0" covered="2"/><counter type="LINE" missed="0" covered="3"/><counter type="COMPLEXITY" missed="0" covered="2"/><counter type="METHOD" missed="0" covered="1"/></method><method name="validateUserId" desc="(Ljava/util/UUID;)V" line="159"><counter type="INSTRUCTION" missed="0" covered="8"/><counter type="BRANCH" missed="0" covered="2"/><counter type="LINE" missed="0" covered="3"/><counter type="COMPLEXITY" missed="0" covered="2"/><counter type="METHOD" missed="0" covered="1"/></method><method name="validateType" desc="(Lcom/puntomartinez/millete/notifications/domain/model/NotificationType;)V" line="167"><counter type="INSTRUCTION" missed="0" covered="8"/><counter type="BRANCH" missed="0" covered="2"/><counter type="LINE" missed="0" covered="3"/><counter type="COMPLEXITY" missed="0" covered="2"/><counter type="METHOD" missed="0" covered="1"/></method><method name="validateTitle" desc="(Ljava/lang/String;)V" line="175"><counter type="INSTRUCTION" missed="0" covered="20"/><counter type="BRANCH" missed="0" covered="6"/><counter type="LINE" missed="0" covered="5"/><counter type="COMPLEXITY" missed="0" covered="4"/><counter type="METHOD" missed="0" covered="1"/></method><method name="validateCreatedAt" desc="(Ljava/time/LocalDateTime;)V" line="190"><counter type="INSTRUCTION" missed="0" covered="8"/><counter type="BRANCH" missed="0" covered="2"/><counter type="LINE" missed="0" covered="3"/><counter type="COMPLEXITY" missed="0" covered="2"/><counter type="METHOD" missed="0" covered="1"/></method><method name="getId" desc="()Ljava/util/UUID;" line="198"><counter type="INSTRUCTION" missed="0" covered="3"/><counter type="LINE" missed="0" covered="1"/><counter type="COMPLEXITY" missed="0" covered="1"/><counter type="METHOD" missed="0" covered="1"/></method><method name="getUserId" desc="()Ljava/util/UUID;" line="202"><counter type="INSTRUCTION" missed="0" covered="3"/><counter type="LINE" missed="0" covered="1"/><counter type="COMPLEXITY" missed="0" covered="1"/><counter type="METHOD" missed="0" covered="1"/></method><method name="getType" desc="()Lcom/puntomartinez/millete/notifications/domain/model/NotificationType;" line="206"><counter type="INSTRUCTION" missed="0" covered="3"/><counter type="LINE" missed="0" covered="1"/><counter type="COMPLEXITY" missed="0" covered="1"/><counter type="METHOD" missed="0" covered="1"/></method><method name="getTitle" desc="()Ljava/lang/String;" line="210"><counter type="INSTRUCTION" missed="0" covered="3"/><counter type="LINE" missed="0" covered="1"/><counter type="COMPLEXITY" missed="0" covered="1"/><counter type="METHOD" missed="0" covered="1"/></method><method name="getMessage" desc="()Ljava/lang/String;" line="214"><counter type="INSTRUCTION" missed="0" covered="3"/><counter type="LINE" missed="0" covered="1"/><counter type="COMPLEXITY" missed="0" covered="1"/><counter type="METHOD" missed="0" covered="1"/></method><method name="getMetadata" desc="()Ljava/util/Map;" line="218"><counter type="INSTRUCTION" missed="0" covered="3"/><counter type="LINE" missed="0" covered="1"/><counter type="COMPLEXITY" missed="0" covered="1"/><counter type="METHOD" missed="0" covered="1"/></method><method name="isRead" desc="()Z" line="222"><counter type="INSTRUCTION" missed="0" covered="3"/><counter type="LINE" missed="0" covered="1"/><counter type="COMPLEXITY" missed="0" covered="1"/><counter type="METHOD" missed="0" covered="1"/></method><method name="isActionRequired" desc="()Z" line="226"><counter type="INSTRUCTION" missed="0" covered="3"/><counter type="LINE" missed="0" covered="1"/><counter type="COMPLEXITY" missed="0" covered="1"/><counter type="METHOD" missed="0" covered="1"/></method><method name="getActionedAt" desc="()Ljava/time/LocalDateTime;" line="230"><counter type="INSTRUCTION" missed="0" covered="3"/><counter type="LINE" missed="0" covered="1"/><counter type="COMPLEXITY" missed="0" covered="1"/><counter type="METHOD" missed="0" covered="1"/></method><method name="getCreatedAt" desc="()Ljava/time/LocalDateTime;" line="234"><counter type="INSTRUCTION" missed="0" covered="3"/><counter type="LINE" missed="0" covered="1"/><counter type="COMPLEXITY" missed="0" covered="1"/><counter type="METHOD" missed="0" covered="1"/></method><method name="getExpiresAt" desc="()Ljava/time/LocalDateTime;" line="238"><counter type="INSTRUCTION" missed="0" covered="3"/><counter type="LINE" missed="0" covered="1"/><counter type="COMPLEXITY" missed="0" covered="1"/><counter type="METHOD" missed="0" covered="1"/></method><method name="isActive" desc="()Z" line="242"><counter type="INSTRUCTION" missed="0" covered="3"/><counter type="LINE" missed="0" covered="1"/><counter type="COMPLEXITY" missed="0" covered="1"/><counter type="METHOD" missed="0" covered="1"/></method><counter type="INSTRUCTION" missed="0" covered="218"/><counter type="BRANCH" missed="0" covered="26"/><counter type="LINE" missed="0" covered="68"/><counter type="COMPLEXITY" missed="0" covered="37"/><counter type="METHOD" missed="0" covered="24"/><counter type="CLASS" missed="0" covered="1"/></class><class name="com/puntomartinez/millete/notifications/domain/model/NotificationType" sourcefilename="NotificationType.java"><method name="&lt;clinit&gt;" desc="()V" line="3"><counter type="INSTRUCTION" missed="0" covered="15"/><counter type="LINE" missed="0" covered="3"/><counter type="COMPLEXITY" missed="0" covered="1"/><counter type="METHOD" missed="0" covered="1"/></method><counter type="INSTRUCTION" missed="0" covered="15"/><counter type="LINE" missed="0" covered="3"/><counter type="COMPLEXITY" missed="0" covered="1"/><counter type="METHOD" missed="0" covered="1"/><counter type="CLASS" missed="0" covered="1"/></class><sourcefile name="PaginatedNotifications.java"><line nr="5" mi="0" ci="24" mb="0" cb="0"/><counter type="INSTRUCTION" missed="0" covered="24"/><counter type="LINE" missed="0" covered="1"/><counter type="COMPLEXITY" missed="0" covered="1"/><counter type="METHOD" missed="0" covered="1"/><counter type="CLASS" missed="0" covered="1"/></sourcefile><sourcefile name="NotificationType.java"><line nr="3" mi="0" ci="3" mb="0" cb="0"/><line nr="4" mi="0" ci="6" mb="0" cb="0"/><line nr="5" mi="0" ci="6" mb="0" cb="0"/><counter type="INSTRUCTION" missed="0" covered="15"/><counter type="LINE" missed="0" covered="3"/><counter type="COMPLEXITY" missed="0" covered="1"/><counter type="METHOD" missed="0" covered="1"/><counter type="CLASS" missed="0" covered="1"/></sourcefile><sourcefile name="Notification.java"><line nr="39" mi="0" ci="2" mb="0" cb="0"/><line nr="40" mi="0" ci="2" mb="0" cb="0"/><line nr="41" mi="0" ci="2" mb="0" cb="0"/><line nr="42" mi="0" ci="2" mb="0" cb="0"/><line nr="43" mi="0" ci="2" mb="0" cb="0"/><line nr="44" mi="0" ci="2" mb="0" cb="0"/><line nr="46" mi="0" ci="3" mb="0" cb="0"/><line nr="47" mi="0" ci="3" mb="0" cb="0"/><line nr="48" mi="0" ci="3" mb="0" cb="0"/><line nr="49" mi="0" ci="3" mb="0" cb="0"/><line nr="50" mi="0" ci="3" mb="0" cb="0"/><line nr="51" mi="0" ci="3" mb="0" cb="2"/><line nr="52" mi="0" ci="2" mb="0" cb="0"/><line nr="53" mi="0" ci="3" mb="0" cb="0"/><line nr="54" mi="0" ci="3" mb="0" cb="0"/><line nr="55" mi="0" ci="3" mb="0" cb="0"/><line nr="56" mi="0" ci="3" mb="0" cb="0"/><line nr="57" mi="0" ci="3" mb="0" cb="0"/><line nr="58" mi="0" ci="3" mb="0" cb="0"/><line nr="59" mi="0" ci="3" mb="0" cb="0"/><line nr="60" mi="0" ci="1" mb="0" cb="0"/><line nr="71" mi="0" ci="3" mb="0" cb="0"/><line nr="72" mi="0" ci="9" mb="0" cb="0"/><line nr="81" mi="0" ci="4" mb="0" cb="0"/><line nr="101" mi="0" ci="16" mb="0" cb="0"/><line nr="118" mi="0" ci="3" mb="0" cb="2"/><line nr="119" mi="0" ci="2" mb="0" cb="0"/><line nr="122" mi="0" ci="3" mb="0" cb="0"/><line nr="123" mi="0" ci="2" mb="0" cb="0"/><line nr="127" mi="0" ci="3" mb="0" cb="2"/><line nr="128" mi="0" ci="5" mb="0" cb="0"/><line nr="133" mi="0" ci="3" mb="0" cb="2"/><line nr="134" mi="0" ci="2" mb="0" cb="0"/><line nr="137" mi="0" ci="3" mb="0" cb="0"/><line nr="138" mi="0" ci="2" mb="0" cb="0"/><line nr="142" mi="0" ci="3" mb="0" cb="0"/><line nr="143" mi="0" ci="1" mb="0" cb="0"/><line nr="146" mi="0" ci="4" mb="0" cb="2"/><line nr="147" mi="0" ci="8" mb="0" cb="2"/><line nr="151" mi="0" ci="2" mb="0" cb="2"/><line nr="152" mi="0" ci="5" mb="0" cb="0"/><line nr="156" mi="0" ci="1" mb="0" cb="0"/><line nr="159" mi="0" ci="2" mb="0" cb="2"/><line nr="160" mi="0" ci="5" mb="0" cb="0"/><line nr="164" mi="0" ci="1" mb="0" cb="0"/><line nr="167" mi="0" ci="2" mb="0" cb="2"/><line nr="168" mi="0" ci="5" mb="0" cb="0"/><line nr="172" mi="0" ci="1" mb="0" cb="0"/><line nr="175" mi="0" ci="5" mb="0" cb="4"/><line nr="176" mi="0" ci="5" mb="0" cb="0"/><line nr="181" mi="0" ci="4" mb="0" cb="2"/><line nr="182" mi="0" ci="5" mb="0" cb="0"/><line nr="187" mi="0" ci="1" mb="0" cb="0"/><line nr="190" mi="0" ci="2" mb="0" cb="2"/><line nr="191" mi="0" ci="5" mb="0" cb="0"/><line nr="195" mi="0" ci="1" mb="0" cb="0"/><line nr="198" mi="0" ci="3" mb="0" cb="0"/><line nr="202" mi="0" ci="3" mb="0" cb="0"/><line nr="206" mi="0" ci="3" mb="0" cb="0"/><line nr="210" mi="0" ci="3" mb="0" cb="0"/><line nr="214" mi="0" ci="3" mb="0" cb="0"/><line nr="218" mi="0" ci="3" mb="0" cb="0"/><line nr="222" mi="0" ci="3" mb="0" cb="0"/><line nr="226" mi="0" ci="3" mb="0" cb="0"/><line nr="230" mi="0" ci="3" mb="0" cb="0"/><line nr="234" mi="0" ci="3" mb="0" cb="0"/><line nr="238" mi="0" ci="3" mb="0" cb="0"/><line nr="242" mi="0" ci="3" mb="0" cb="0"/><counter type="INSTRUCTION" missed="0" covered="218"/><counter type="BRANCH" missed="0" covered="26"/><counter type="LINE" missed="0" covered="68"/><counter type="COMPLEXITY" missed="0" covered="37"/><counter type="METHOD" missed="0" covered="24"/><counter type="CLASS" missed="0" covered="1"/></sourcefile><counter type="INSTRUCTION" missed="0" covered="257"/><counter type="BRANCH" missed="0" covered="26"/><counter type="LINE" missed="0" covered="72"/><counter type="COMPLEXITY" missed="0" covered="39"/><counter type="METHOD" missed="0" covered="26"/><counter type="CLASS" missed="0" covered="3"/></package><package name="com/puntomartinez/millete/dataexport/domain/migration"><class name="com/puntomartinez/millete/dataexport/domain/migration/Migration001to010" sourcefilename="Migration001to010.java"><method name="&lt;init&gt;" desc="()V" line="6"><counter type="INSTRUCTION" missed="0" covered="3"/><counter type="LINE" missed="0" covered="1"/><counter type="COMPLEXITY" missed="0" covered="1"/><counter type="METHOD" missed="0" covered="1"/></method><method name="fromVersion" desc="()Lcom/puntomartinez/millete/dataexport/domain/model/ExportVersion;" line="10"><counter type="INSTRUCTION" missed="0" covered="7"/><counter type="LINE" missed="0" covered="1"/><counter type="COMPLEXITY" missed="0" covered="1"/><counter type="METHOD" missed="0" covered="1"/></method><method name="toVersion" desc="()Lcom/puntomartinez/millete/dataexport/domain/model/ExportVersion;" line="15"><counter type="INSTRUCTION" missed="0" covered="7"/><counter type="LINE" missed="0" covered="1"/><counter type="COMPLEXITY" missed="0" covered="1"/><counter type="METHOD" missed="0" covered="1"/></method><method name="description" desc="()Ljava/lang/String;" line="20"><counter type="INSTRUCTION" missed="0" covered="2"/><counter type="LINE" missed="0" covered="1"/><counter type="COMPLEXITY" missed="0" covered="1"/><counter type="METHOD" missed="0" covered="1"/></method><method name="migrate" desc="(Lcom/puntomartinez/millete/dataexport/domain/model/UserDataSnapshot;)Lcom/puntomartinez/millete/dataexport/domain/model/UserDataSnapshot;" line="25"><counter type="INSTRUCTION" missed="0" covered="29"/><counter type="LINE" missed="0" covered="10"/><counter type="COMPLEXITY" missed="0" covered="1"/><counter type="METHOD" missed="0" covered="1"/></method><counter type="INSTRUCTION" missed="0" covered="48"/><counter type="LINE" missed="0" covered="14"/><counter type="COMPLEXITY" missed="0" covered="5"/><counter type="METHOD" missed="0" covered="5"/><counter type="CLASS" missed="0" covered="1"/></class><class name="com/puntomartinez/millete/dataexport/domain/migration/DataMigration" sourcefilename="DataMigration.java"/><class name="com/puntomartinez/millete/dataexport/domain/migration/Migration010to020" sourcefilename="Migration010to020.java"><method name="&lt;init&gt;" desc="()V" line="10"><counter type="INSTRUCTION" missed="0" covered="3"/><counter type="LINE" missed="0" covered="1"/><counter type="COMPLEXITY" missed="0" covered="1"/><counter type="METHOD" missed="0" covered="1"/></method><method name="fromVersion" desc="()Lcom/puntomartinez/millete/dataexport/domain/model/ExportVersion;" line="14"><counter type="INSTRUCTION" missed="0" covered="7"/><counter type="LINE" missed="0" covered="1"/><counter type="COMPLEXITY" missed="0" covered="1"/><counter type="METHOD" missed="0" covered="1"/></method><method name="toVersion" desc="()Lcom/puntomartinez/millete/dataexport/domain/model/ExportVersion;" line="19"><counter type="INSTRUCTION" missed="0" covered="7"/><counter type="LINE" missed="0" covered="1"/><counter type="COMPLEXITY" missed="0" covered="1"/><counter type="METHOD" missed="0" covered="1"/></method><method name="description" desc="()Ljava/lang/String;" line="24"><counter type="INSTRUCTION" missed="0" covered="2"/><counter type="LINE" missed="0" covered="1"/><counter type="COMPLEXITY" missed="0" covered="1"/><counter type="METHOD" missed="0" covered="1"/></method><method name="migrate" desc="(Lcom/puntomartinez/millete/dataexport/domain/model/UserDataSnapshot;)Lcom/puntomartinez/millete/dataexport/domain/model/UserDataSnapshot;" line="31"><counter type="INSTRUCTION" missed="2" covered="40"/><counter type="BRANCH" missed="1" covered="1"/><counter type="LINE" missed="1" covered="15"/><counter type="COMPLEXITY" missed="1" covered="1"/><counter type="METHOD" missed="0" covered="1"/></method><method name="migratePlannedTransaction" desc="(Lcom/puntomartinez/millete/dataexport/domain/model/PlannedTransactionSnapshot;)Lcom/puntomartinez/millete/dataexport/domain/model/PlannedTransactionSnapshot;" line="59"><counter type="INSTRUCTION" missed="0" covered="42"/><counter type="BRANCH" missed="1" covered="3"/><counter type="LINE" missed="0" covered="18"/><counter type="COMPLEXITY" missed="1" covered="2"/><counter type="METHOD" missed="0" covered="1"/></method><counter type="INSTRUCTION" missed="2" covered="101"/><counter type="BRANCH" missed="2" covered="4"/><counter type="LINE" missed="1" covered="37"/><counter type="COMPLEXITY" missed="2" covered="7"/><counter type="METHOD" missed="0" covered="6"/><counter type="CLASS" missed="0" covered="1"/></class><class name="com/puntomartinez/millete/dataexport/domain/migration/MigrationChain" sourcefilename="MigrationChain.java"><method name="&lt;init&gt;" desc="()V" line="33"><counter type="INSTRUCTION" missed="0" covered="17"/><counter type="LINE" missed="0" covered="7"/><counter type="COMPLEXITY" missed="0" covered="1"/><counter type="METHOD" missed="0" covered="1"/></method><method name="registerMigrations" desc="()V" line="43"><counter type="INSTRUCTION" missed="0" covered="15"/><counter type="LINE" missed="0" covered="3"/><counter type="COMPLEXITY" missed="0" covered="1"/><counter type="METHOD" missed="0" covered="1"/></method><method name="migrateToLatest" desc="(Lcom/puntomartinez/millete/dataexport/domain/model/UserDataSnapshot;)Lcom/puntomartinez/millete/dataexport/domain/model/UserDataSnapshot;" line="50"><counter type="INSTRUCTION" missed="24" covered="60"/><counter type="BRANCH" missed="4" covered="6"/><counter type="LINE" missed="7" covered="19"/><counter type="COMPLEXITY" missed="3" covered="3"/><counter type="METHOD" missed="0" covered="1"/></method><method name="validateChain" desc="()V" line="101"><counter type="INSTRUCTION" missed="24" covered="59"/><counter type="BRANCH" missed="3" covered="5"/><counter type="LINE" missed="4" covered="13"/><counter type="COMPLEXITY" missed="3" covered="2"/><counter type="METHOD" missed="0" covered="1"/></method><method name="&lt;clinit&gt;" desc="()V" line="27"><counter type="INSTRUCTION" missed="0" covered="4"/><counter type="LINE" missed="0" covered="1"/><counter type="COMPLEXITY" missed="0" covered="1"/><counter type="METHOD" missed="0" covered="1"/></method><counter type="INSTRUCTION" missed="48" covered="155"/><counter type="BRANCH" missed="7" covered="11"/><counter type="LINE" missed="11" covered="43"/><counter type="COMPLEXITY" missed="6" covered="8"/><counter type="METHOD" missed="0" covered="5"/><counter type="CLASS" missed="0" covered="1"/></class><sourcefile name="Migration010to020.java"><line nr="10" mi="0" ci="3" mb="0" cb="0"/><line nr="14" mi="0" ci="7" mb="0" cb="0"/><line nr="19" mi="0" ci="7" mb="0" cb="0"/><line nr="24" mi="0" ci="2" mb="0" cb="0"/><line nr="31" mi="0" ci="3" mb="1" cb="1"/><line nr="32" mi="2" ci="0" mb="0" cb="0"/><line nr="33" mi="0" ci="1" mb="0" cb="0"/><line nr="34" mi="0" ci="3" mb="0" cb="0"/><line nr="35" mi="0" ci="1" mb="0" cb="0"/><line nr="36" mi="0" ci="3" mb="0" cb="0"/><line nr="38" mi="0" ci="3" mb="0" cb="0"/><line nr="40" mi="0" ci="3" mb="0" cb="0"/><line nr="41" mi="0" ci="3" mb="0" cb="0"/><line nr="42" mi="0" ci="4" mb="0" cb="0"/><line nr="45" mi="0" ci="5" mb="0" cb="0"/><line nr="47" mi="0" ci="2" mb="0" cb="0"/><line nr="48" mi="0" ci="3" mb="0" cb="0"/><line nr="50" mi="0" ci="2" mb="0" cb="0"/><line nr="51" mi="0" ci="2" mb="0" cb="0"/><line nr="52" mi="0" ci="2" mb="0" cb="0"/><line nr="59" mi="0" ci="3" mb="0" cb="0"/><line nr="61" mi="0" ci="5" mb="1" cb="3"/><line nr="62" mi="0" ci="2" mb="0" cb="0"/><line nr="65" mi="0" ci="4" mb="0" cb="0"/><line nr="66" mi="0" ci="2" mb="0" cb="0"/><line nr="67" mi="0" ci="2" mb="0" cb="0"/><line nr="68" mi="0" ci="2" mb="0" cb="0"/><line nr="69" mi="0" ci="2" mb="0" cb="0"/><line nr="70" mi="0" ci="2" mb="0" cb="0"/><line nr="71" mi="0" ci="2" mb="0" cb="0"/><line nr="72" mi="0" ci="2" mb="0" cb="0"/><line nr="73" mi="0" ci="2" mb="0" cb="0"/><line nr="74" mi="0" ci="2" mb="0" cb="0"/><line nr="75" mi="0" ci="2" mb="0" cb="0"/><line nr="76" mi="0" ci="2" mb="0" cb="0"/><line nr="77" mi="0" ci="2" mb="0" cb="0"/><line nr="78" mi="0" ci="2" mb="0" cb="0"/><line nr="79" mi="0" ci="2" mb="0" cb="0"/><counter type="INSTRUCTION" missed="2" covered="101"/><counter type="BRANCH" missed="2" covered="4"/><counter type="LINE" missed="1" covered="37"/><counter type="COMPLEXITY" missed="2" covered="7"/><counter type="METHOD" missed="0" covered="6"/><counter type="CLASS" missed="0" covered="1"/></sourcefile><sourcefile name="MigrationChain.java"><line nr="27" mi="0" ci="4" mb="0" cb="0"/><line nr="33" mi="0" ci="2" mb="0" cb="0"/><line nr="34" mi="0" ci="5" mb="0" cb="0"/><line nr="35" mi="0" ci="2" mb="0" cb="0"/><line nr="36" mi="0" ci="4" mb="0" cb="0"/><line nr="37" mi="0" ci="1" mb="0" cb="0"/><line nr="39" mi="0" ci="2" mb="0" cb="0"/><line nr="40" mi="0" ci="1" mb="0" cb="0"/><line nr="43" mi="0" ci="7" mb="0" cb="0"/><line nr="44" mi="0" ci="7" mb="0" cb="0"/><line nr="45" mi="0" ci="1" mb="0" cb="0"/><line nr="50" mi="0" ci="1" mb="0" cb="0"/><line nr="51" mi="0" ci="2" mb="0" cb="0"/><line nr="52" mi="0" ci="2" mb="0" cb="0"/><line nr="55" mi="0" ci="2" mb="0" cb="0"/><line nr="57" mi="0" ci="4" mb="1" cb="1"/><line nr="58" mi="4" ci="0" mb="2" cb="0"/><line nr="59" mi="5" ci="0" mb="0" cb="0"/><line nr="65" mi="2" ci="0" mb="0" cb="0"/><line nr="68" mi="0" ci="4" mb="0" cb="0"/><line nr="70" mi="0" ci="11" mb="0" cb="2"/><line nr="71" mi="0" ci="6" mb="1" cb="1"/><line nr="72" mi="0" ci="1" mb="0" cb="0"/><line nr="74" mi="0" ci="2" mb="0" cb="2"/><line nr="75" mi="0" ci="1" mb="0" cb="0"/><line nr="78" mi="0" ci="5" mb="0" cb="0"/><line nr="81" mi="0" ci="4" mb="0" cb="0"/><line nr="82" mi="0" ci="3" mb="0" cb="0"/><line nr="83" mi="0" ci="4" mb="0" cb="0"/><line nr="84" mi="1" ci="0" mb="0" cb="0"/><line nr="85" mi="3" ci="0" mb="0" cb="0"/><line nr="87" mi="3" ci="0" mb="0" cb="0"/><line nr="89" mi="6" ci="0" mb="0" cb="0"/><line nr="92" mi="0" ci="1" mb="0" cb="0"/><line nr="94" mi="0" ci="1" mb="0" cb="0"/><line nr="96" mi="0" ci="4" mb="0" cb="0"/><line nr="97" mi="0" ci="2" mb="0" cb="0"/><line nr="101" mi="0" ci="4" mb="1" cb="1"/><line nr="102" mi="4" ci="0" mb="0" cb="0"/><line nr="106" mi="1" ci="0" mb="0" cb="0"/><line nr="109" mi="0" ci="11" mb="0" cb="2"/><line nr="110" mi="0" ci="3" mb="0" cb="0"/><line nr="111" mi="0" ci="4" mb="0" cb="0"/><line nr="112" mi="0" ci="5" mb="0" cb="0"/><line nr="113" mi="0" ci="4" mb="0" cb="0"/><line nr="115" mi="0" ci="4" mb="1" cb="1"/><line nr="116" mi="10" ci="0" mb="0" cb="0"/><line nr="127" mi="0" ci="4" mb="0" cb="0"/><line nr="128" mi="0" ci="7" mb="0" cb="0"/><line nr="130" mi="0" ci="4" mb="1" cb="1"/><line nr="131" mi="9" ci="0" mb="0" cb="0"/><line nr="140" mi="0" ci="5" mb="0" cb="0"/><line nr="142" mi="0" ci="3" mb="0" cb="0"/><line nr="145" mi="0" ci="1" mb="0" cb="0"/><counter type="INSTRUCTION" missed="48" covered="155"/><counter type="BRANCH" missed="7" covered="11"/><counter type="LINE" missed="11" covered="43"/><counter type="COMPLEXITY" missed="6" covered="8"/><counter type="METHOD" missed="0" covered="5"/><counter type="CLASS" missed="0" covered="1"/></sourcefile><sourcefile name="Migration001to010.java"><line nr="6" mi="0" ci="3" mb="0" cb="0"/><line nr="10" mi="0" ci="7" mb="0" cb="0"/><line nr="15" mi="0" ci="7" mb="0" cb="0"/><line nr="20" mi="0" ci="2" mb="0" cb="0"/><line nr="25" mi="0" ci="3" mb="0" cb="0"/><line nr="27" mi="0" ci="3" mb="0" cb="0"/><line nr="28" mi="0" ci="3" mb="0" cb="0"/><line nr="29" mi="0" ci="4" mb="0" cb="0"/><line nr="32" mi="0" ci="5" mb="0" cb="0"/><line nr="34" mi="0" ci="2" mb="0" cb="0"/><line nr="35" mi="0" ci="2" mb="0" cb="0"/><line nr="36" mi="0" ci="2" mb="0" cb="0"/><line nr="37" mi="0" ci="2" mb="0" cb="0"/><line nr="38" mi="0" ci="3" mb="0" cb="0"/><counter type="INSTRUCTION" missed="0" covered="48"/><counter type="LINE" missed="0" covered="14"/><counter type="COMPLEXITY" missed="0" covered="5"/><counter type="METHOD" missed="0" covered="5"/><counter type="CLASS" missed="0" covered="1"/></sourcefile><sourcefile name="DataMigration.java"/><counter type="INSTRUCTION" missed="50" covered="304"/><counter type="BRANCH" missed="9" covered="15"/><counter type="LINE" missed="12" covered="94"/><counter type="COMPLEXITY" missed="8" covered="20"/><counter type="METHOD" missed="0" covered="16"/><counter type="CLASS" missed="0" covered="3"/></package><package name="com/puntomartinez/millete/plannedtransactions/infrastructure/out/persistence/postgresql/entity"><class name="com/puntomartinez/millete/plannedtransactions/infrastructure/out/persistence/postgresql/entity/PlannedTransactionEntity" sourcefilename="PlannedTransactionEntity.java"/><sourcefile name="PlannedTransactionEntity.java"/></package><package name="com/puntomartinez/millete/dataexport/domain/model"><class name="com/puntomartinez/millete/dataexport/domain/model/PlannedTransactionSnapshot" sourcefilename="PlannedTransactionSnapshot.java"><method name="&lt;init&gt;" desc="(Ljava/util/UUID;Ljava/util/UUID;Ljava/util/UUID;Ljava/math/BigDecimal;Ljava/lang/String;Ljava/lang/String;Ljava/lang/String;Ljava/lang/Integer;Ljava/time/LocalDate;Ljava/time/LocalDate;Ljava/time/LocalDateTime;Ljava/time/LocalDateTime;ZLjava/time/LocalDate;)V" line="10"><counter type="INSTRUCTION" missed="0" covered="45"/><counter type="LINE" missed="0" covered="1"/><counter type="COMPLEXITY" missed="0" covered="1"/><counter type="METHOD" missed="0" covered="1"/></method><counter type="INSTRUCTION" missed="0" covered="45"/><counter type="LINE" missed="0" covered="1"/><counter type="COMPLEXITY" missed="0" covered="1"/><counter type="METHOD" missed="0" covered="1"/><counter type="CLASS" missed="0" covered="1"/></class><class name="com/puntomartinez/millete/dataexport/domain/model/ExportData$InvestmentExportRow" sourcefilename="ExportData.java"><method name="&lt;init&gt;" desc="(Ljava/lang/String;Ljava/lang/String;Ljava/math/BigDecimal;Ljava/math/BigDecimal;Ljava/math/BigDecimal;Ljava/lang/String;Ljava/time/LocalDateTime;)V" line="41"><counter type="INSTRUCTION" missed="0" covered="24"/><counter type="LINE" missed="0" covered="1"/><counter type="COMPLEXITY" missed="0" covered="1"/><counter type="METHOD" missed="0" covered="1"/></method><counter type="INSTRUCTION" missed="0" covered="24"/><counter type="LINE" missed="0" covered="1"/><counter type="COMPLEXITY" missed="0" covered="1"/><counter type="METHOD" missed="0" covered="1"/><counter type="CLASS" missed="0" covered="1"/></class><class name="com/puntomartinez/millete/dataexport/domain/model/ExportVersion" sourcefilename="ExportVersion.java"><method name="&lt;init&gt;" desc="(III)V" line="13"><counter type="INSTRUCTION" missed="0" covered="12"/><counter type="LINE" missed="0" covered="1"/><counter type="COMPLEXITY" missed="0" covered="1"/><counter type="METHOD" missed="0" covered="1"/></method><method name="fromString" desc="(Ljava/lang/String;)Lcom/puntomartinez/millete/dataexport/domain/model/ExportVersion;" line="26"><counter type="INSTRUCTION" missed="0" covered="40"/><counter type="BRANCH" missed="0" covered="6"/><counter type="LINE" missed="0" covered="9"/><counter type="COMPLEXITY" missed="0" covered="4"/><counter type="METHOD" missed="0" covered="1"/></method><method name="isCompatibleWith" desc="(Lcom/puntomartinez/millete/dataexport/domain/model/ExportVersion;)Z" line="49"><counter type="INSTRUCTION" missed="0" covered="9"/><counter type="BRANCH" missed="0" covered="2"/><counter type="LINE" missed="0" covered="1"/><counter type="COMPLEXITY" missed="0" covered="2"/><counter type="METHOD" missed="0" covered="1"/></method><method name="needsMigration" desc="(Lcom/puntomartinez/millete/dataexport/domain/model/ExportVersion;)Z" line="53"><counter type="INSTRUCTION" missed="0" covered="8"/><counter type="BRANCH" missed="0" covered="2"/><counter type="LINE" missed="0" covered="1"/><counter type="COMPLEXITY" missed="0" covered="2"/><counter type="METHOD" missed="0" covered="1"/></method><method name="toString" desc="()Ljava/lang/String;" line="58"><counter type="INSTRUCTION" missed="0" covered="8"/><counter type="LINE" missed="0" covered="1"/><counter type="COMPLEXITY" missed="0" covered="1"/><counter type="METHOD" missed="0" covered="1"/></method><method name="compareTo" desc="(Lcom/puntomartinez/millete/dataexport/domain/model/ExportVersion;)I" line="63"><counter type="INSTRUCTION" missed="2" covered="24"/><counter type="BRANCH" missed="1" covered="3"/><counter type="LINE" missed="0" covered="7"/><counter type="COMPLEXITY" missed="1" covered="2"/><counter type="METHOD" missed="0" covered="1"/></method><method name="&lt;clinit&gt;" desc="()V" line="19"><counter type="INSTRUCTION" missed="0" covered="11"/><counter type="LINE" missed="0" covered="3"/><counter type="COMPLEXITY" missed="0" covered="1"/><counter type="METHOD" missed="0" covered="1"/></method><counter type="INSTRUCTION" missed="2" covered="112"/><counter type="BRANCH" missed="1" covered="13"/><counter type="LINE" missed="0" covered="23"/><counter type="COMPLEXITY" missed="1" covered="13"/><counter type="METHOD" missed="0" covered="7"/><counter type="CLASS" missed="0" covered="1"/></class><class name="com/puntomartinez/millete/dataexport/domain/model/TransactionSnapshot" sourcefilename="TransactionSnapshot.java"><method name="&lt;init&gt;" desc="(Ljava/util/UUID;Ljava/util/UUID;Ljava/util/UUID;Ljava/math/BigDecimal;Ljava/time/LocalDateTime;Ljava/lang/String;Ljava/lang/String;Ljava/time/LocalDateTime;Ljava/time/LocalDateTime;Z)V" line="9"><counter type="INSTRUCTION" missed="0" covered="33"/><counter type="LINE" missed="0" covered="1"/><counter type="COMPLEXITY" missed="0" covered="1"/><counter type="METHOD" missed="0" covered="1"/></method><counter type="INSTRUCTION" missed="0" covered="33"/><counter type="LINE" missed="0" covered="1"/><counter type="COMPLEXITY" missed="0" covered="1"/><counter type="METHOD" missed="0" covered="1"/><counter type="CLASS" missed="0" covered="1"/></class><class name="com/puntomartinez/millete/dataexport/domain/model/ExportData$PlannedTransactionExportRow" sourcefilename="ExportData.java"><method name="&lt;init&gt;" desc="(Ljava/lang/String;Ljava/math/BigDecimal;Ljava/lang/String;Ljava/lang/String;Ljava/lang/String;ILjava/time/LocalDate;Ljava/time/LocalDate;Ljava/time/LocalDate;)V" line="29"><counter type="INSTRUCTION" missed="0" covered="30"/><counter type="LINE" missed="0" covered="1"/><counter type="COMPLEXITY" missed="0" covered="1"/><counter type="METHOD" missed="0" covered="1"/></method><counter type="INSTRUCTION" missed="0" covered="30"/><counter type="LINE" missed="0" covered="1"/><counter type="COMPLEXITY" missed="0" covered="1"/><counter type="METHOD" missed="0" covered="1"/><counter type="CLASS" missed="0" covered="1"/></class><class name="com/puntomartinez/millete/dataexport/domain/model/UserPreferencesSnapshot" sourcefilename="UserPreferencesSnapshot.java"><method name="&lt;init&gt;" desc="(Ljava/util/UUID;Ljava/util/UUID;Ljava/lang/String;Ljava/time/LocalDateTime;Ljava/time/LocalDateTime;)V" line="8"><counter type="INSTRUCTION" missed="0" covered="18"/><counter type="LINE" missed="0" covered="1"/><counter type="COMPLEXITY" missed="0" covered="1"/><counter type="METHOD" missed="0" covered="1"/></method><counter type="INSTRUCTION" missed="0" covered="18"/><counter type="LINE" missed="0" covered="1"/><counter type="COMPLEXITY" missed="0" covered="1"/><counter type="METHOD" missed="0" covered="1"/><counter type="CLASS" missed="0" covered="1"/></class><class name="com/puntomartinez/millete/dataexport/domain/model/ExportData$CategoryExportRow" sourcefilename="ExportData.java"><method name="&lt;init&gt;" desc="(Ljava/lang/String;Ljava/math/BigDecimal;)V" line="16"><counter type="INSTRUCTION" missed="0" covered="9"/><counter type="LINE" missed="0" covered="1"/><counter type="COMPLEXITY" missed="0" covered="1"/><counter type="METHOD" missed="0" covered="1"/></method><counter type="INSTRUCTION" missed="0" covered="9"/><counter type="LINE" missed="0" covered="1"/><counter type="COMPLEXITY" missed="0" covered="1"/><counter type="METHOD" missed="0" covered="1"/><counter type="CLASS" missed="0" covered="1"/></class><class name="com/puntomartinez/millete/dataexport/domain/model/ExportData" sourcefilename="ExportData.java"><method name="&lt;init&gt;" desc="(Ljava/util/List;Ljava/util/List;Ljava/util/List;Ljava/util/List;Ljava/util/List;)V" line="8"><counter type="INSTRUCTION" missed="0" covered="18"/><counter type="LINE" missed="0" covered="1"/><counter type="COMPLEXITY" missed="0" covered="1"/><counter type="METHOD" missed="0" covered="1"/></method><counter type="INSTRUCTION" missed="0" covered="18"/><counter type="LINE" missed="0" covered="1"/><counter type="COMPLEXITY" missed="0" covered="1"/><counter type="METHOD" missed="0" covered="1"/><counter type="CLASS" missed="0" covered="1"/></class><class name="com/puntomartinez/millete/dataexport/domain/model/CategorySnapshot" sourcefilename="CategorySnapshot.java"><method name="&lt;init&gt;" desc="(Ljava/util/UUID;Ljava/util/UUID;Ljava/lang/String;Ljava/lang/String;Ljava/math/BigDecimal;Ljava/time/LocalDateTime;Ljava/time/LocalDateTime;Z)V" line="9"><counter type="INSTRUCTION" missed="0" covered="27"/><counter type="LINE" missed="0" covered="1"/><counter type="COMPLEXITY" missed="0" covered="1"/><counter type="METHOD" missed="0" covered="1"/></method><counter type="INSTRUCTION" missed="0" covered="27"/><counter type="LINE" missed="0" covered="1"/><counter type="COMPLEXITY" missed="0" covered="1"/><counter type="METHOD" missed="0" covered="1"/><counter type="CLASS" missed="0" covered="1"/></class><class name="com/puntomartinez/millete/dataexport/domain/model/PdfExportData$Summary" sourcefilename="PdfExportData.java"><method name="&lt;init&gt;" desc="(Ljava/math/BigDecimal;Ljava/math/BigDecimal;Ljava/math/BigDecimal;ILjava/lang/String;Ljava/math/BigDecimal;DLjava/math/BigDecimal;IILjava/math/BigDecimal;)V" line="18"><counter type="INSTRUCTION" missed="0" covered="36"/><counter type="LINE" missed="0" covered="1"/><counter type="COMPLEXITY" missed="0" covered="1"/><counter type="METHOD" missed="0" covered="1"/></method><counter type="INSTRUCTION" missed="0" covered="36"/><counter type="LINE" missed="0" covered="1"/><counter type="COMPLEXITY" missed="0" covered="1"/><counter type="METHOD" missed="0" covered="1"/><counter type="CLASS" missed="0" covered="1"/></class><class name="com/puntomartinez/millete/dataexport/domain/model/InvestmentSnapshot" sourcefilename="InvestmentSnapshot.java"><method name="&lt;init&gt;" desc="(Ljava/util/UUID;Ljava/util/UUID;Ljava/lang/String;Ljava/lang/String;Ljava/math/BigDecimal;Ljava/math/BigDecimal;Ljava/math/BigDecimal;Ljava/lang/String;Ljava/time/LocalDate;Ljava/time/LocalDateTime;Ljava/time/LocalDateTime;ZLjava/math/BigDecimal;Ljava/math/BigDecimal;Ljava/math/BigDecimal;)V" line="10"><counter type="INSTRUCTION" missed="0" covered="48"/><counter type="LINE" missed="0" covered="1"/><counter type="COMPLEXITY" missed="0" covered="1"/><counter type="METHOD" missed="0" covered="1"/></method><counter type="INSTRUCTION" missed="0" covered="48"/><counter type="LINE" missed="0" covered="1"/><counter type="COMPLEXITY" missed="0" covered="1"/><counter type="METHOD" missed="0" covered="1"/><counter type="CLASS" missed="0" covered="1"/></class><class name="com/puntomartinez/millete/dataexport/domain/model/UserDataSnapshot$SnapshotMetadata" sourcefilename="UserDataSnapshot.java"><method name="&lt;init&gt;" desc="(Ljava/lang/String;Ljava/time/LocalDateTime;Ljava/lang/String;)V" line="41"><counter type="INSTRUCTION" missed="0" covered="12"/><counter type="LINE" missed="0" covered="1"/><counter type="COMPLEXITY" missed="0" covered="1"/><counter type="METHOD" missed="0" covered="1"/></method><counter type="INSTRUCTION" missed="0" covered="12"/><counter type="LINE" missed="0" covered="1"/><counter type="COMPLEXITY" missed="0" covered="1"/><counter type="METHOD" missed="0" covered="1"/><counter type="CLASS" missed="0" covered="1"/></class><class name="com/puntomartinez/millete/dataexport/domain/model/PdfExportData$SavingsGoalRow" sourcefilename="PdfExportData.java"><method name="&lt;init&gt;" desc="(Ljava/lang/String;Ljava/math/BigDecimal;Ljava/math/BigDecimal;DLjava/time/LocalDate;Ljava/lang/String;Ljava/lang/String;)V" line="52"><counter type="INSTRUCTION" missed="24" covered="0"/><counter type="LINE" missed="1" covered="0"/><counter type="COMPLEXITY" missed="1" covered="0"/><counter type="METHOD" missed="1" covered="0"/></method><counter type="INSTRUCTION" missed="24" covered="0"/><counter type="LINE" missed="1" covered="0"/><counter type="COMPLEXITY" missed="1" covered="0"/><counter type="METHOD" missed="1" covered="0"/><counter type="CLASS" missed="1" covered="0"/></class><class name="com/puntomartinez/millete/dataexport/domain/model/PdfExportData$TransactionRow" sourcefilename="PdfExportData.java"><method name="&lt;init&gt;" desc="(Ljava/time/LocalDateTime;Ljava/lang/String;Ljava/lang/String;Ljava/lang/String;Ljava/math/BigDecimal;)V" line="32"><counter type="INSTRUCTION" missed="0" covered="18"/><counter type="LINE" missed="0" covered="1"/><counter type="COMPLEXITY" missed="0" covered="1"/><counter type="METHOD" missed="0" covered="1"/></method><counter type="INSTRUCTION" missed="0" covered="18"/><counter type="LINE" missed="0" covered="1"/><counter type="COMPLEXITY" missed="0" covered="1"/><counter type="METHOD" missed="0" covered="1"/><counter type="CLASS" missed="0" covered="1"/></class><class name="com/puntomartinez/millete/dataexport/domain/model/PdfExportData$InvestmentRow" sourcefilename="PdfExportData.java"><method name="&lt;init&gt;" desc="(Ljava/lang/String;Ljava/lang/String;Ljava/lang/String;Ljava/math/BigDecimal;Ljava/math/BigDecimal;Ljava/math/BigDecimal;Ljava/math/BigDecimal;Ljava/math/BigDecimal;D)V" line="40"><counter type="INSTRUCTION" missed="30" covered="0"/><counter type="LINE" missed="1" covered="0"/><counter type="COMPLEXITY" missed="1" covered="0"/><counter type="METHOD" missed="1" covered="0"/></method><counter type="INSTRUCTION" missed="30" covered="0"/><counter type="LINE" missed="1" covered="0"/><counter type="COMPLEXITY" missed="1" covered="0"/><counter type="METHOD" missed="1" covered="0"/><counter type="CLASS" missed="1" covered="0"/></class><class name="com/puntomartinez/millete/dataexport/domain/model/UserDataSnapshot" sourcefilename="UserDataSnapshot.java"><method name="&lt;init&gt;" desc="(Lcom/puntomartinez/millete/dataexport/domain/model/UserDataSnapshot$SnapshotMetadata;Ljava/util/List;Ljava/util/List;Ljava/util/List;Ljava/util/List;Ljava/util/List;Lcom/puntomartinez/millete/dataexport/domain/model/UserPreferencesSnapshot;)V" line="33"><counter type="INSTRUCTION" missed="0" covered="31"/><counter type="BRANCH" missed="0" covered="2"/><counter type="LINE" missed="0" covered="4"/><counter type="COMPLEXITY" missed="0" covered="2"/><counter type="METHOD" missed="0" covered="1"/></method><counter type="INSTRUCTION" missed="0" covered="31"/><counter type="BRANCH" missed="0" covered="2"/><counter type="LINE" missed="0" covered="4"/><counter type="COMPLEXITY" missed="0" covered="2"/><counter type="METHOD" missed="0" covered="1"/><counter type="CLASS" missed="0" covered="1"/></class><class name="com/puntomartinez/millete/dataexport/domain/model/PdfExportData" sourcefilename="PdfExportData.java"><method name="&lt;init&gt;" desc="(Ljava/lang/String;Ljava/time/LocalDate;Ljava/time/LocalDate;Lcom/puntomartinez/millete/dataexport/domain/model/PdfExportData$Summary;Ljava/util/List;Ljava/util/List;Ljava/util/List;)V" line="8"><counter type="INSTRUCTION" missed="0" covered="24"/><counter type="LINE" missed="0" covered="1"/><counter type="COMPLEXITY" missed="0" covered="1"/><counter type="METHOD" missed="0" covered="1"/></method><counter type="INSTRUCTION" missed="0" covered="24"/><counter type="LINE" missed="0" covered="1"/><counter type="COMPLEXITY" missed="0" covered="1"/><counter type="METHOD" missed="0" covered="1"/><counter type="CLASS" missed="0" covered="1"/></class><class name="com/puntomartinez/millete/dataexport/domain/model/PeriodType" sourcefilename="PeriodType.java"><method name="&lt;init&gt;" desc="(Ljava/lang/String;ILjava/lang/String;I)V" line="14"><counter type="INSTRUCTION" missed="0" covered="11"/><counter type="LINE" missed="0" covered="4"/><counter type="COMPLEXITY" missed="0" covered="1"/><counter type="METHOD" missed="0" covered="1"/></method><method name="getCode" desc="()Ljava/lang/String;" line="19"><counter type="INSTRUCTION" missed="0" covered="3"/><counter type="LINE" missed="0" covered="1"/><counter type="COMPLEXITY" missed="0" covered="1"/><counter type="METHOD" missed="0" covered="1"/></method><method name="getMonths" desc="()I" line="20"><counter type="INSTRUCTION" missed="0" covered="3"/><counter type="LINE" missed="0" covered="1"/><counter type="COMPLEXITY" missed="0" covered="1"/><counter type="METHOD" missed="0" covered="1"/></method><method name="getStartDate" desc="()Ljava/time/LocalDate;" line="23"><counter type="INSTRUCTION" missed="0" covered="6"/><counter type="LINE" missed="0" covered="1"/><counter type="COMPLEXITY" missed="0" covered="1"/><counter type="METHOD" missed="0" covered="1"/></method><method name="getEndDate" desc="()Ljava/time/LocalDate;" line="27"><counter type="INSTRUCTION" missed="0" covered="2"/><counter type="LINE" missed="0" covered="1"/><counter type="COMPLEXITY" missed="0" covered="1"/><counter type="METHOD" missed="0" covered="1"/></method><method name="fromCode" desc="(Ljava/lang/String;)Lcom/puntomartinez/millete/dataexport/domain/model/PeriodType;" line="31"><counter type="INSTRUCTION" missed="0" covered="29"/><counter type="BRANCH" missed="0" covered="4"/><counter type="LINE" missed="0" covered="3"/><counter type="COMPLEXITY" missed="0" covered="3"/><counter type="METHOD" missed="0" covered="1"/></method><method name="getDisplayName" desc="()Ljava/lang/String;" line="38"><counter type="INSTRUCTION" missed="0" covered="11"/><counter type="BRANCH" missed="0" covered="4"/><counter type="LINE" missed="0" covered="5"/><counter type="COMPLEXITY" missed="0" covered="4"/><counter type="METHOD" missed="0" covered="1"/></method><method name="&lt;clinit&gt;" desc="()V" line="5"><counter type="INSTRUCTION" missed="0" covered="35"/><counter type="LINE" missed="0" covered="5"/><counter type="COMPLEXITY" missed="0" covered="1"/><counter type="METHOD" missed="0" covered="1"/></method><counter type="INSTRUCTION" missed="0" covered="100"/><counter type="BRANCH" missed="0" covered="8"/><counter type="LINE" missed="0" covered="21"/><counter type="COMPLEXITY" missed="0" covered="13"/><counter type="METHOD" missed="0" covered="8"/><counter type="CLASS" missed="0" covered="1"/></class><class name="com/puntomartinez/millete/dataexport/domain/model/ExportData$TransactionExportRow" sourcefilename="ExportData.java"><method name="&lt;init&gt;" desc="(Ljava/lang/String;Ljava/math/BigDecimal;Ljava/time/LocalDateTime;Ljava/lang/String;Ljava/lang/String;)V" line="21"><counter type="INSTRUCTION" missed="0" covered="18"/><counter type="LINE" missed="0" covered="1"/><counter type="COMPLEXITY" missed="0" covered="1"/><counter type="METHOD" missed="0" covered="1"/></method><counter type="INSTRUCTION" missed="0" covered="18"/><counter type="LINE" missed="0" covered="1"/><counter type="COMPLEXITY" missed="0" covered="1"/><counter type="METHOD" missed="0" covered="1"/><counter type="CLASS" missed="0" covered="1"/></class><class name="com/puntomartinez/millete/dataexport/domain/model/SavingsGoalSnapshot" sourcefilename="SavingsGoalSnapshot.java"><method name="&lt;init&gt;" desc="(Ljava/util/UUID;Ljava/util/UUID;Ljava/lang/String;Ljava/math/BigDecimal;Ljava/math/BigDecimal;Ljava/time/LocalDate;Ljava/lang/String;Ljava/lang/String;Ljava/time/LocalDateTime;Ljava/time/LocalDateTime;Z)V" line="10"><counter type="INSTRUCTION" missed="0" covered="36"/><counter type="LINE" missed="0" covered="1"/><counter type="COMPLEXITY" missed="0" covered="1"/><counter type="METHOD" missed="0" covered="1"/></method><counter type="INSTRUCTION" missed="0" covered="36"/><counter type="LINE" missed="0" covered="1"/><counter type="COMPLEXITY" missed="0" covered="1"/><counter type="METHOD" missed="0" covered="1"/><counter type="CLASS" missed="0" covered="1"/></class><class name="com/puntomartinez/millete/dataexport/domain/model/CategoryImportResult" sourcefilename="CategoryImportResult.java"><method name="&lt;init&gt;" desc="(Ljava/util/Map;I)V" line="6"><counter type="INSTRUCTION" missed="0" covered="9"/><counter type="LINE" missed="0" covered="1"/><counter type="COMPLEXITY" missed="0" covered="1"/><counter type="METHOD" missed="0" covered="1"/></method><counter type="INSTRUCTION" missed="0" covered="9"/><counter type="LINE" missed="0" covered="1"/><counter type="COMPLEXITY" missed="0" covered="1"/><counter type="METHOD" missed="0" covered="1"/><counter type="CLASS" missed="0" covered="1"/></class><class name="com/puntomartinez/millete/dataexport/domain/model/ExportData$SavingsGoalExportRow" sourcefilename="ExportData.java"><method name="&lt;init&gt;" desc="(Ljava/lang/String;Ljava/math/BigDecimal;Ljava/math/BigDecimal;DLjava/time/LocalDate;Ljava/lang/String;Ljava/lang/String;)V" line="51"><counter type="INSTRUCTION" missed="0" covered="24"/><counter type="LINE" missed="0" covered="1"/><counter type="COMPLEXITY" missed="0" covered="1"/><counter type="METHOD" missed="0" covered="1"/></method><counter type="INSTRUCTION" missed="0" covered="24"/><counter type="LINE" missed="0" covered="1"/><counter type="COMPLEXITY" missed="0" covered="1"/><counter type="METHOD" missed="0" covered="1"/><counter type="CLASS" missed="0" covered="1"/></class><sourcefile name="UserPreferencesSnapshot.java"><line nr="8" mi="0" ci="18" mb="0" cb="0"/><counter type="INSTRUCTION" missed="0" covered="18"/><counter type="LINE" missed="0" covered="1"/><counter type="COMPLEXITY" missed="0" covered="1"/><counter type="METHOD" missed="0" covered="1"/><counter type="CLASS" missed="0" covered="1"/></sourcefile><sourcefile name="SavingsGoalSnapshot.java"><line nr="10" mi="0" ci="36" mb="0" cb="0"/><counter type="INSTRUCTION" missed="0" covered="36"/><counter type="LINE" missed="0" covered="1"/><counter type="COMPLEXITY" missed="0" covered="1"/><counter type="METHOD" missed="0" covered="1"/><counter type="CLASS" missed="0" covered="1"/></sourcefile><sourcefile name="CategoryImportResult.java"><line nr="6" mi="0" ci="9" mb="0" cb="0"/><counter type="INSTRUCTION" missed="0" covered="9"/><counter type="LINE" missed="0" covered="1"/><counter type="COMPLEXITY" missed="0" covered="1"/><counter type="METHOD" missed="0" covered="1"/><counter type="CLASS" missed="0" covered="1"/></sourcefile><sourcefile name="PlannedTransactionSnapshot.java"><line nr="10" mi="0" ci="45" mb="0" cb="0"/><counter type="INSTRUCTION" missed="0" covered="45"/><counter type="LINE" missed="0" covered="1"/><counter type="COMPLEXITY" missed="0" covered="1"/><counter type="METHOD" missed="0" covered="1"/><counter type="CLASS" missed="0" covered="1"/></sourcefile><sourcefile name="TransactionSnapshot.java"><line nr="9" mi="0" ci="33" mb="0" cb="0"/><counter type="INSTRUCTION" missed="0" covered="33"/><counter type="LINE" missed="0" covered="1"/><counter type="COMPLEXITY" missed="0" covered="1"/><counter type="METHOD" missed="0" covered="1"/><counter type="CLASS" missed="0" covered="1"/></sourcefile><sourcefile name="CategorySnapshot.java"><line nr="9" mi="0" ci="27" mb="0" cb="0"/><counter type="INSTRUCTION" missed="0" covered="27"/><counter type="LINE" missed="0" covered="1"/><counter type="COMPLEXITY" missed="0" covered="1"/><counter type="METHOD" missed="0" covered="1"/><counter type="CLASS" missed="0" covered="1"/></sourcefile><sourcefile name="UserDataSnapshot.java"><line nr="33" mi="0" ci="23" mb="0" cb="0"/><line nr="34" mi="0" ci="2" mb="0" cb="2"/><line nr="35" mi="0" ci="5" mb="0" cb="0"/><line nr="39" mi="0" ci="1" mb="0" cb="0"/><line nr="41" mi="0" ci="12" mb="0" cb="0"/><counter type="INSTRUCTION" missed="0" covered="43"/><counter type="BRANCH" missed="0" covered="2"/><counter type="LINE" missed="0" covered="5"/><counter type="COMPLEXITY" missed="0" covered="3"/><counter type="METHOD" missed="0" covered="2"/><counter type="CLASS" missed="0" covered="2"/></sourcefile><sourcefile name="PdfExportData.java"><line nr="8" mi="0" ci="24" mb="0" cb="0"/><line nr="18" mi="0" ci="36" mb="0" cb="0"/><line nr="32" mi="0" ci="18" mb="0" cb="0"/><line nr="40" mi="30" ci="0" mb="0" cb="0"/><line nr="52" mi="24" ci="0" mb="0" cb="0"/><counter type="INSTRUCTION" missed="54" covered="78"/><counter type="LINE" missed="2" covered="3"/><counter type="COMPLEXITY" missed="2" covered="3"/><counter type="METHOD" missed="2" covered="3"/><counter type="CLASS" missed="2" covered="3"/></sourcefile><sourcefile name="PeriodType.java"><line nr="5" mi="0" ci="3" mb="0" cb="0"/><line nr="6" mi="0" ci="8" mb="0" cb="0"/><line nr="7" mi="0" ci="8" mb="0" cb="0"/><line nr="8" mi="0" ci="8" mb="0" cb="0"/><line nr="9" mi="0" ci="8" mb="0" cb="0"/><line nr="14" mi="0" ci="4" mb="0" cb="0"/><line nr="15" mi="0" ci="3" mb="0" cb="0"/><line nr="16" mi="0" ci="3" mb="0" cb="0"/><line nr="17" mi="0" ci="1" mb="0" cb="0"/><line nr="19" mi="0" ci="3" mb="0" cb="0"/><line nr="20" mi="0" ci="3" mb="0" cb="0"/><line nr="23" mi="0" ci="6" mb="0" cb="0"/><line nr="27" mi="0" ci="2" mb="0" cb="0"/><line nr="31" mi="0" ci="16" mb="0" cb="2"/><line nr="32" mi="0" ci="7" mb="0" cb="2"/><line nr="34" mi="0" ci="6" mb="0" cb="0"/><line nr="38" mi="0" ci="4" mb="0" cb="4"/><line nr="39" mi="0" ci="2" mb="0" cb="0"/><line nr="40" mi="0" ci="2" mb="0" cb="0"/><line nr="41" mi="0" ci="2" mb="0" cb="0"/><line nr="42" mi="0" ci="1" mb="0" cb="0"/><counter type="INSTRUCTION" missed="0" covered="100"/><counter type="BRANCH" missed="0" covered="8"/><counter type="LINE" missed="0" covered="21"/><counter type="COMPLEXITY" missed="0" covered="13"/><counter type="METHOD" missed="0" covered="8"/><counter type="CLASS" missed="0" covered="1"/></sourcefile><sourcefile name="InvestmentSnapshot.java"><line nr="10" mi="0" ci="48" mb="0" cb="0"/><counter type="INSTRUCTION" missed="0" covered="48"/><counter type="LINE" missed="0" covered="1"/><counter type="COMPLEXITY" missed="0" covered="1"/><counter type="METHOD" missed="0" covered="1"/><counter type="CLASS" missed="0" covered="1"/></sourcefile><sourcefile name="ExportVersion.java"><line nr="13" mi="0" ci="12" mb="0" cb="0"/><line nr="19" mi="0" ci="1" mb="0" cb="0"/><line nr="20" mi="0" ci="2" mb="0" cb="0"/><line nr="22" mi="0" ci="8" mb="0" cb="0"/><line nr="26" mi="0" ci="5" mb="0" cb="4"/><line nr="27" mi="0" ci="5" mb="0" cb="0"/><line nr="32" mi="0" ci="5" mb="0" cb="0"/><line nr="34" mi="0" ci="3" mb="0" cb="2"/><line nr="35" mi="0" ci="6" mb="0" cb="0"/><line nr="41" mi="0" ci="5" mb="0" cb="0"/><line nr="42" mi="0" ci="4" mb="0" cb="0"/><line nr="43" mi="0" ci="4" mb="0" cb="0"/><line nr="44" mi="0" ci="3" mb="0" cb="0"/><line nr="49" mi="0" ci="9" mb="0" cb="2"/><line nr="53" mi="0" ci="8" mb="0" cb="2"/><line nr="58" mi="0" ci="8" mb="0" cb="0"/><line nr="63" mi="0" ci="4" mb="0" cb="0"/><line nr="64" mi="0" ci="2" mb="0" cb="0"/><line nr="65" mi="2" ci="2" mb="1" cb="1"/><line nr="67" mi="0" ci="4" mb="0" cb="0"/><line nr="68" mi="0" ci="2" mb="0" cb="0"/><line nr="69" mi="0" ci="4" mb="0" cb="2"/><line nr="71" mi="0" ci="6" mb="0" cb="0"/><counter type="INSTRUCTION" missed="2" covered="112"/><counter type="BRANCH" missed="1" covered="13"/><counter type="LINE" missed="0" covered="23"/><counter type="COMPLEXITY" missed="1" covered="13"/><counter type="METHOD" missed="0" covered="7"/><counter type="CLASS" missed="0" covered="1"/></sourcefile><sourcefile name="ExportData.java"><line nr="8" mi="0" ci="18" mb="0" cb="0"/><line nr="16" mi="0" ci="9" mb="0" cb="0"/><line nr="21" mi="0" ci="18" mb="0" cb="0"/><line nr="29" mi="0" ci="30" mb="0" cb="0"/><line nr="41" mi="0" ci="24" mb="0" cb="0"/><line nr="51" mi="0" ci="24" mb="0" cb="0"/><counter type="INSTRUCTION" missed="0" covered="123"/><counter type="LINE" missed="0" covered="6"/><counter type="COMPLEXITY" missed="0" covered="6"/><counter type="METHOD" missed="0" covered="6"/><counter type="CLASS" missed="0" covered="6"/></sourcefile><counter type="INSTRUCTION" missed="56" covered="672"/><counter type="BRANCH" missed="1" covered="23"/><counter type="LINE" missed="2" covered="65"/><counter type="COMPLEXITY" missed="3" covered="45"/><counter type="METHOD" missed="2" covered="33"/><counter type="CLASS" missed="2" covered="20"/></package><package name="com/puntomartinez/millete/notifications/application/services"><class name="com/puntomartinez/millete/notifications/application/services/NotificationService" sourcefilename="NotificationService.java"><method name="create" desc="(Lcom/puntomartinez/millete/notifications/domain/ports/in/CreateNotificationUseCase$CreateNotificationCommand;)Lcom/puntomartinez/millete/notifications/domain/model/Notification;" line="37"><counter type="INSTRUCTION" missed="0" covered="21"/><counter type="LINE" missed="0" covered="9"/><counter type="COMPLEXITY" missed="0" covered="1"/><counter type="METHOD" missed="0" covered="1"/></method><method name="getUserNotifications" desc="(Ljava/util/UUID;I)Ljava/util/List;" line="56"><counter type="INSTRUCTION" missed="0" covered="15"/><counter type="BRANCH" missed="0" covered="2"/><counter type="LINE" missed="0" covered="6"/><counter type="COMPLEXITY" missed="0" covered="2"/><counter type="METHOD" missed="0" covered="1"/></method><method name="getUserNotificationsPage" desc="(Ljava/util/UUID;II)Lcom/puntomartinez/millete/notifications/domain/model/PaginatedNotifications;" line="75"><counter type="INSTRUCTION" missed="0" covered="12"/><counter type="LINE" missed="0" covered="4"/><counter type="COMPLEXITY" missed="0" covered="1"/><counter type="METHOD" missed="0" covered="1"/></method><method name="getUnreadCount" desc="(Ljava/util/UUID;)J" line="89"><counter type="INSTRUCTION" missed="0" covered="6"/><counter type="LINE" missed="0" covered="3"/><counter type="COMPLEXITY" missed="0" covered="1"/><counter type="METHOD" missed="0" covered="1"/></method><method name="findUserNotificationByTypeAndMetadataValue" desc="(Ljava/util/UUID;Lcom/puntomartinez/millete/notifications/domain/model/NotificationType;Ljava/lang/String;Ljava/lang/String;)Ljava/util/Optional;" line="104"><counter type="INSTRUCTION" missed="8" covered="0"/><counter type="LINE" missed="2" covered="0"/><counter type="COMPLEXITY" missed="1" covered="0"/><counter type="METHOD" missed="1" covered="0"/></method><method name="markAsRead" desc="(Ljava/util/UUID;Ljava/util/UUID;)V" line="118"><counter type="INSTRUCTION" missed="0" covered="21"/><counter type="BRANCH" missed="0" covered="2"/><counter type="LINE" missed="0" covered="8"/><counter type="COMPLEXITY" missed="0" covered="2"/><counter type="METHOD" missed="0" covered="1"/></method><method name="markAsActioned" desc="(Ljava/util/UUID;Ljava/util/UUID;)Z" line="142"><counter type="INSTRUCTION" missed="0" covered="26"/><counter type="BRANCH" missed="0" covered="4"/><counter type="LINE" missed="0" covered="10"/><counter type="COMPLEXITY" missed="0" covered="3"/><counter type="METHOD" missed="0" covered="1"/></method><method name="delete" desc="(Ljava/util/UUID;Ljava/util/UUID;)V" line="168"><counter type="INSTRUCTION" missed="0" covered="18"/><counter type="LINE" missed="0" covered="7"/><counter type="COMPLEXITY" missed="0" covered="1"/><counter type="METHOD" missed="0" covered="1"/></method><method name="validatePaginationParams" desc="(II)V" line="185"><counter type="INSTRUCTION" missed="0" covered="23"/><counter type="BRANCH" missed="0" covered="6"/><counter type="LINE" missed="0" covered="7"/><counter type="COMPLEXITY" missed="0" covered="4"/><counter type="METHOD" missed="0" covered="1"/></method><method name="lambda$delete$0" desc="()Lcom/puntomartinez/millete/shared/domain/exception/ResourceNotFoundException;" line="175"><counter type="INSTRUCTION" missed="0" covered="5"/><counter type="LINE" missed="0" covered="1"/><counter type="COMPLEXITY" missed="0" covered="1"/><counter type="METHOD" missed="0" covered="1"/></method><method name="lambda$markAsRead$0" desc="()Lcom/puntomartinez/millete/shared/domain/exception/ResourceNotFoundException;" line="125"><counter type="INSTRUCTION" missed="0" covered="5"/><counter type="LINE" missed="0" covered="1"/><counter type="COMPLEXITY" missed="0" covered="1"/><counter type="METHOD" missed="0" covered="1"/></method><counter type="INSTRUCTION" missed="8" covered="152"/><counter type="BRANCH" missed="0" covered="14"/><counter type="LINE" missed="2" covered="56"/><counter type="COMPLEXITY" missed="1" covered="17"/><counter type="METHOD" missed="1" covered="10"/><counter type="CLASS" missed="0" covered="1"/></class><sourcefile name="NotificationService.java"><line nr="37" mi="0" ci="3" mb="0" cb="0"/><line nr="38" mi="0" ci="2" mb="0" cb="0"/><line nr="39" mi="0" ci="2" mb="0" cb="0"/><line nr="40" mi="0" ci="2" mb="0" cb="0"/><line nr="41" mi="0" ci="2" mb="0" cb="0"/><line nr="42" mi="0" ci="2" mb="0" cb="0"/><line nr="43" mi="0" ci="2" mb="0" cb="0"/><line nr="44" mi="0" ci="1" mb="0" cb="0"/><line nr="47" mi="0" ci="5" mb="0" cb="0"/><line nr="56" mi="0" ci="2" mb="0" cb="2"/><line nr="57" mi="0" ci="2" mb="0" cb="0"/><line nr="58" mi="0" ci="4" mb="0" cb="0"/><line nr="60" mi="0" ci="5" mb="0" cb="0"/><line nr="61" mi="0" ci="1" mb="0" cb="0"/><line nr="64" mi="0" ci="1" mb="0" cb="0"/><line nr="75" mi="0" ci="4" mb="0" cb="0"/><line nr="77" mi="0" ci="6" mb="0" cb="0"/><line nr="78" mi="0" ci="1" mb="0" cb="0"/><line nr="82" mi="0" ci="1" mb="0" cb="0"/><line nr="89" mi="0" ci="4" mb="0" cb="0"/><line nr="90" mi="0" ci="1" mb="0" cb="0"/><line nr="92" mi="0" ci="1" mb="0" cb="0"/><line nr="104" mi="7" ci="0" mb="0" cb="0"/><line nr="105" mi="1" ci="0" mb="0" cb="0"/><line nr="118" mi="0" ci="4" mb="0" cb="0"/><line nr="119" mi="0" ci="2" mb="0" cb="0"/><line nr="122" mi="0" ci="1" mb="0" cb="0"/><line nr="124" mi="0" ci="3" mb="0" cb="0"/><line nr="125" mi="0" ci="5" mb="0" cb="0"/><line nr="130" mi="0" ci="3" mb="0" cb="0"/><line nr="132" mi="0" ci="2" mb="0" cb="2"/><line nr="133" mi="0" ci="5" mb="0" cb="0"/><line nr="135" mi="0" ci="1" mb="0" cb="0"/><line nr="142" mi="0" ci="4" mb="0" cb="0"/><line nr="143" mi="0" ci="2" mb="0" cb="0"/><line nr="146" mi="0" ci="1" mb="0" cb="0"/><line nr="148" mi="0" ci="3" mb="0" cb="0"/><line nr="150" mi="0" ci="2" mb="0" cb="2"/><line nr="151" mi="0" ci="2" mb="0" cb="0"/><line nr="154" mi="0" ci="3" mb="0" cb="0"/><line nr="156" mi="0" ci="2" mb="0" cb="2"/><line nr="157" mi="0" ci="5" mb="0" cb="0"/><line nr="160" mi="0" ci="2" mb="0" cb="0"/><line nr="168" mi="0" ci="4" mb="0" cb="0"/><line nr="169" mi="0" ci="2" mb="0" cb="0"/><line nr="172" mi="0" ci="1" mb="0" cb="0"/><line nr="174" mi="0" ci="3" mb="0" cb="0"/><line nr="175" mi="0" ci="5" mb="0" cb="0"/><line nr="180" mi="0" ci="2" mb="0" cb="0"/><line nr="181" mi="0" ci="5" mb="0" cb="0"/><line nr="182" mi="0" ci="1" mb="0" cb="0"/><line nr="185" mi="0" ci="2" mb="0" cb="2"/><line nr="186" mi="0" ci="5" mb="0" cb="0"/><line nr="191" mi="0" ci="2" mb="0" cb="2"/><line nr="192" mi="0" ci="5" mb="0" cb="0"/><line nr="197" mi="0" ci="3" mb="0" cb="2"/><line nr="198" mi="0" ci="5" mb="0" cb="0"/><line nr="203" mi="0" ci="1" mb="0" cb="0"/><counter type="INSTRUCTION" missed="8" covered="152"/><counter type="BRANCH" missed="0" covered="14"/><counter type="LINE" missed="2" covered="56"/><counter type="COMPLEXITY" missed="1" covered="17"/><counter type="METHOD" missed="1" covered="10"/><counter type="CLASS" missed="0" covered="1"/></sourcefile><counter type="INSTRUCTION" missed="8" covered="152"/><counter type="BRANCH" missed="0" covered="14"/><counter type="LINE" missed="2" covered="56"/><counter type="COMPLEXITY" missed="1" covered="17"/><counter type="METHOD" missed="1" covered="10"/><counter type="CLASS" missed="0" covered="1"/></package><package name="com/puntomartinez/millete/groupgoals/infrastructure/out/persistence/postgresql/projection"><class name="com/puntomartinez/millete/groupgoals/infrastructure/out/persistence/postgresql/projection/ContributionTotalsProjection" sourcefilename="ContributionTotalsProjection.java"/><class name="com/puntomartinez/millete/groupgoals/infrastructure/out/persistence/postgresql/projection/MemberContributionTotalsProjection" sourcefilename="MemberContributionTotalsProjection.java"/><sourcefile name="ContributionTotalsProjection.java"/><sourcefile name="MemberContributionTotalsProjection.java"/></package><package name="com/puntomartinez/millete/shared/infrastructure/config/scheduler"><class name="com/puntomartinez/millete/shared/infrastructure/config/scheduler/TransactionScheduler" sourcefilename="TransactionScheduler.java"><method name="&lt;init&gt;" desc="(Lcom/puntomartinez/millete/plannedtransactions/domain/ports/in/ProcessPlannedTransactionsUseCase;)V" line="25"><counter type="INSTRUCTION" missed="6" covered="0"/><counter type="LINE" missed="3" covered="0"/><counter type="COMPLEXITY" missed="1" covered="0"/><counter type="METHOD" missed="1" covered="0"/></method><method name="runDailyTransactions" desc="()V" line="31"><counter type="INSTRUCTION" missed="4" covered="0"/><counter type="LINE" missed="2" covered="0"/><counter type="COMPLEXITY" missed="1" covered="0"/><counter type="METHOD" missed="1" covered="0"/></method><counter type="INSTRUCTION" missed="10" covered="0"/><counter type="LINE" missed="5" covered="0"/><counter type="COMPLEXITY" missed="2" covered="0"/><counter type="METHOD" missed="2" covered="0"/><counter type="CLASS" missed="1" covered="0"/></class><sourcefile name="TransactionScheduler.java"><line nr="25" mi="2" ci="0" mb="0" cb="0"/><line nr="26" mi="3" ci="0" mb="0" cb="0"/><line nr="27" mi="1" ci="0" mb="0" cb="0"/><line nr="31" mi="3" ci="0" mb="0" cb="0"/><line nr="32" mi="1" ci="0" mb="0" cb="0"/><counter type="INSTRUCTION" missed="10" covered="0"/><counter type="LINE" missed="5" covered="0"/><counter type="COMPLEXITY" missed="2" covered="0"/><counter type="METHOD" missed="2" covered="0"/><counter type="CLASS" missed="1" covered="0"/></sourcefile><counter type="INSTRUCTION" missed="10" covered="0"/><counter type="LINE" missed="5" covered="0"/><counter type="COMPLEXITY" missed="2" covered="0"/><counter type="METHOD" missed="2" covered="0"/><counter type="CLASS" missed="1" covered="0"/></package><package name="com/puntomartinez/millete/transactions/infrastructure/in/controller"><class name="com/puntomartinez/millete/transactions/infrastructure/in/controller/TransactionController" sourcefilename="TransactionController.java"><method name="getMetrics" desc="(Ljava/lang/String;Lorg/springframework/security/core/Authentication;)Lorg/springframework/http/ResponseEntity;" line="49"><counter type="INSTRUCTION" missed="0" covered="39"/><counter type="LINE" missed="0" covered="14"/><counter type="COMPLEXITY" missed="0" covered="1"/><counter type="METHOD" missed="0" covered="1"/></method><method name="listTransactions" desc="(IILjava/lang/String;Ljava/lang/String;Ljava/lang/String;Lorg/springframework/security/core/Authentication;)Lorg/springframework/http/ResponseEntity;" line="84"><counter type="INSTRUCTION" missed="4" covered="103"/><counter type="BRANCH" missed="4" covered="2"/><counter type="LINE" missed="0" covered="21"/><counter type="COMPLEXITY" missed="3" covered="1"/><counter type="METHOD" missed="0" covered="1"/></method><method name="registerTransaction" desc="(Lcom/puntomartinez/millete/transactions/infrastructure/in/controller/dto/RegisterTransactionRequestDTO;Lorg/springframework/security/core/Authentication;)Lorg/springframework/http/ResponseEntity;" line="157"><counter type="INSTRUCTION" missed="0" covered="34"/><counter type="LINE" missed="0" covered="13"/><counter type="COMPLEXITY" missed="0" covered="1"/><counter type="METHOD" missed="0" covered="1"/></method><method name="deleteTransaction" desc="(Ljava/util/UUID;Lorg/springframework/security/core/Authentication;)Lorg/springframework/http/ResponseEntity;" line="185"><counter type="INSTRUCTION" missed="0" covered="13"/><counter type="LINE" missed="0" covered="3"/><counter type="COMPLEXITY" missed="0" covered="1"/><counter type="METHOD" missed="0" covered="1"/></method><method name="getTransactionById" desc="(Ljava/util/UUID;Lorg/springframework/security/core/Authentication;)Lorg/springframework/http/ResponseEntity;" line="200"><counter type="INSTRUCTION" missed="0" covered="17"/><counter type="LINE" missed="0" covered="5"/><counter type="COMPLEXITY" missed="0" covered="1"/><counter type="METHOD" missed="0" covered="1"/></method><method name="updateTransaction" desc="(Ljava/util/UUID;Lcom/puntomartinez/millete/transactions/infrastructure/in/controller/dto/UpdateTransactionRequestDTO;Lorg/springframework/security/core/Authentication;)Lorg/springframework/http/ResponseEntity;" line="222"><counter type="INSTRUCTION" missed="0" covered="32"/><counter type="LI
[...]
seCase.java"/><class name="com/puntomartinez/millete/savingsgoals/domain/ports/in/AddContributionToGoalCommand" sourcefilename="AddContributionToGoalCommand.java"><method name="&lt;init&gt;" desc="(Ljava/util/UUID;Ljava/util/UUID;Ljava/math/BigDecimal;)V" line="13"><counter type="INSTRUCTION" missed="0" covered="37"/><counter type="BRANCH" missed="0" covered="8"/><counter type="LINE" missed="0" covered="8"/><counter type="COMPLEXITY" missed="0" covered="5"/><counter type="METHOD" missed="0" covered="1"/></method><counter type="INSTRUCTION" missed="0" covered="37"/><counter type="BRANCH" missed="0" covered="8"/><counter type="LINE" missed="0" covered="8"/><counter type="COMPLEXITY" missed="0" covered="5"/><counter type="METHOD" missed="0" covered="1"/><counter type="CLASS" missed="0" covered="1"/></class><class name="com/puntomartinez/millete/savingsgoals/domain/ports/in/GetSavingsGoalUseCase" sourcefilename="GetSavingsGoalUseCase.java"/><sourcefile name="WithdrawFromGoalCommand.java"><line nr="13" mi="0" ci="11" mb="0" cb="0"/><line nr="14" mi="0" ci="2" mb="0" cb="2"/><line nr="15" mi="0" ci="5" mb="0" cb="0"/><line nr="17" mi="0" ci="2" mb="0" cb="2"/><line nr="18" mi="0" ci="5" mb="0" cb="0"/><line nr="20" mi="0" ci="6" mb="0" cb="4"/><line nr="21" mi="0" ci="5" mb="0" cb="0"/><line nr="25" mi="0" ci="1" mb="0" cb="0"/><counter type="INSTRUCTION" missed="0" covered="37"/><counter type="BRANCH" missed="0" covered="8"/><counter type="LINE" missed="0" covered="8"/><counter type="COMPLEXITY" missed="0" covered="5"/><counter type="METHOD" missed="0" covered="1"/><counter type="CLASS" missed="0" covered="1"/></sourcefile><sourcefile name="ListSavingsGoalsUseCase.java"/><sourcefile name="DeleteSavingsGoalUseCase.java"/><sourcefile name="CreateSavingsGoalCommand.java"><line nr="17" mi="0" ci="20" mb="0" cb="0"/><line nr="18" mi="0" ci="2" mb="0" cb="2"/><line nr="19" mi="0" ci="5" mb="0" cb="0"/><line nr="21" mi="0" ci="5" mb="0" cb="4"/><line nr="22" mi="0" ci="5" mb="0" cb="0"/><line nr="24" mi="0" ci="4" mb="0" cb="2"/><line nr="25" mi="0" ci="5" mb="0" cb="0"/><line nr="29" mi="0" ci="4" mb="0" cb="2"/><line nr="30" mi="0" ci="2" mb="0" cb="2"/><line nr="31" mi="0" ci="5" mb="0" cb="0"/><line nr="35" mi="0" ci="6" mb="0" cb="4"/><line nr="36" mi="0" ci="5" mb="0" cb="0"/><line nr="40" mi="0" ci="1" mb="0" cb="0"/><counter type="INSTRUCTION" missed="0" covered="69"/><counter type="BRANCH" missed="0" covered="16"/><counter type="LINE" missed="0" covered="13"/><counter type="COMPLEXITY" missed="0" covered="9"/><counter type="METHOD" missed="0" covered="1"/><counter type="CLASS" missed="0" covered="1"/></sourcefile><sourcefile name="CreateSavingsGoalUseCase.java"/><sourcefile name="WithdrawFromGoalUseCase.java"/><sourcefile name="UpdateSavingsGoalCommand.java"><line nr="18" mi="0" ci="23" mb="0" cb="0"/><line nr="19" mi="0" ci="2" mb="0" cb="2"/><line nr="20" mi="0" ci="5" mb="0" cb="0"/><line nr="22" mi="0" ci="2" mb="0" cb="2"/><line nr="23" mi="0" ci="5" mb="0" cb="0"/><line nr="25" mi="0" ci="6" mb="0" cb="4"/><line nr="26" mi="0" ci="5" mb="0" cb="0"/><line nr="30" mi="0" ci="4" mb="0" cb="2"/><line nr="31" mi="0" ci="2" mb="0" cb="2"/><line nr="32" mi="0" ci="5" mb="0" cb="0"/><line nr="36" mi="0" ci="6" mb="0" cb="4"/><line nr="37" mi="0" ci="5" mb="0" cb="0"/><line nr="41" mi="0" ci="1" mb="0" cb="0"/><counter type="INSTRUCTION" missed="0" covered="71"/><counter type="BRANCH" missed="0" covered="16"/><counter type="LINE" missed="0" covered="13"/><counter type="COMPLEXITY" missed="0" covered="9"/><counter type="METHOD" missed="0" covered="1"/><counter type="CLASS" missed="0" covered="1"/></sourcefile><sourcefile name="AddContributionToGoalCommand.java"><line nr="13" mi="0" ci="11" mb="0" cb="0"/><line nr="14" mi="0" ci="2" mb="0" cb="2"/><line nr="15" mi="0" ci="5" mb="0" cb="0"/><line nr="17" mi="0" ci="2" mb="0" cb="2"/><line nr="18" mi="0" ci="5" mb="0" cb="0"/><line nr="20" mi="0" ci="6" mb="0" cb="4"/><line nr="21" mi="0" ci="5" mb="0" cb="0"/><line nr="25" mi="0" ci="1" mb="0" cb="0"/><counter type="INSTRUCTION" missed="0" covered="37"/><counter type="BRANCH" missed="0" covered="8"/><counter type="LINE" missed="0" covered="8"/><counter type="COMPLEXITY" missed="0" covered="5"/><counter type="METHOD" missed="0" covered="1"/><counter type="CLASS" missed="0" covered="1"/></sourcefile><sourcefile name="GetSavingsGoalUseCase.java"/><sourcefile name="AddContributionToGoalUseCase.java"/><sourcefile name="UpdateSavingsGoalUseCase.java"/><counter type="INSTRUCTION" missed="0" covered="214"/><counter type="BRANCH" missed="0" covered="48"/><counter type="LINE" missed="0" covered="42"/><counter type="COMPLEXITY" missed="0" covered="28"/><counter type="METHOD" missed="0" covered="4"/><counter type="CLASS" missed="0" covered="4"/></package><package name="com/puntomartinez/millete/transactions/domain/model"><class name="com/puntomartinez/millete/transactions/domain/model/Transaction" sourcefilename="Transaction.java"><method name="&lt;init&gt;" desc="(Ljava/util/UUID;Ljava/util/UUID;Ljava/util/UUID;Ljava/math/BigDecimal;Ljava/time/LocalDateTime;Lcom/puntomartinez/millete/transactions/domain/model/Transaction$TransactionType;Ljava/lang/String;Ljava/time/LocalDateTime;Ljava/time/LocalDateTime;Z)V" line="42"><counter type="INSTRUCTION" missed="0" covered="49"/><counter type="LINE" missed="0" covered="20"/><counter type="COMPLEXITY" missed="0" covered="1"/><counter type="METHOD" missed="0" covered="1"/></method><method name="create" desc="(Ljava/util/UUID;Ljava/util/UUID;Ljava/math/BigDecimal;Ljava/time/LocalDateTime;Lcom/puntomartinez/millete/transactions/domain/model/Transaction$TransactionType;Ljava/lang/String;)Lcom/puntomartinez/millete/transactions/domain/model/Transaction;" line="72"><counter type="INSTRUCTION" missed="0" covered="16"/><counter type="LINE" missed="0" covered="3"/><counter type="COMPLEXITY" missed="0" covered="1"/><counter type="METHOD" missed="0" covered="1"/></method><method name="reconstitute" desc="(Ljava/util/UUID;Ljava/util/UUID;Ljava/util/UUID;Ljava/math/BigDecimal;Ljava/time/LocalDateTime;Lcom/puntomartinez/millete/transactions/domain/model/Transaction$TransactionType;Ljava/lang/String;Ljava/time/LocalDateTime;Ljava/time/LocalDateTime;Z)Lcom/puntomartinez/millete/transactions/domain/model/Transaction;" line="99"><counter type="INSTRUCTION" missed="0" covered="14"/><counter type="LINE" missed="0" covered="1"/><counter type="COMPLEXITY" missed="0" covered="1"/><counter type="METHOD" missed="0" covered="1"/></method><method name="updateDetails" desc="(Ljava/math/BigDecimal;Ljava/time/LocalDateTime;Lcom/puntomartinez/millete/transactions/domain/model/Transaction$TransactionType;Ljava/lang/String;Ljava/util/UUID;)V" line="120"><counter type="INSTRUCTION" missed="0" covered="27"/><counter type="LINE" missed="0" covered="11"/><counter type="COMPLEXITY" missed="0" covered="1"/><counter type="METHOD" missed="0" covered="1"/></method><method name="unassignCategory" desc="()V" line="134"><counter type="INSTRUCTION" missed="0" covered="11"/><counter type="BRANCH" missed="0" covered="2"/><counter type="LINE" missed="0" covered="5"/><counter type="COMPLEXITY" missed="0" covered="2"/><counter type="METHOD" missed="0" covered="1"/></method><method name="deactivate" desc="()V" line="142"><counter type="INSTRUCTION" missed="0" covered="11"/><counter type="BRANCH" missed="0" covered="2"/><counter type="LINE" missed="0" covered="5"/><counter type="COMPLEXITY" missed="0" covered="2"/><counter type="METHOD" missed="0" covered="1"/></method><method name="validateId" desc="(Ljava/util/UUID;)V" line="150"><counter type="INSTRUCTION" missed="0" covered="8"/><counter type="BRANCH" missed="0" covered="2"/><counter type="LINE" missed="0" covered="3"/><counter type="COMPLEXITY" missed="0" covered="2"/><counter type="METHOD" missed="0" covered="1"/></method><method name="validateUserId" desc="(Ljava/util/UUID;)V" line="158"><counter type="INSTRUCTION" missed="0" covered="8"/><counter type="BRANCH" missed="0" covered="2"/><counter type="LINE" missed="0" covered="3"/><counter type="COMPLEXITY" missed="0" covered="2"/><counter type="METHOD" missed="0" covered="1"/></method><method name="validateAmount" desc="(Ljava/math/BigDecimal;)V" line="166"><counter type="INSTRUCTION" missed="0" covered="12"/><counter type="BRANCH" missed="0" covered="4"/><counter type="LINE" missed="0" covered="3"/><counter type="COMPLEXITY" missed="0" covered="3"/><counter type="METHOD" missed="0" covered="1"/></method><method name="validateDate" desc="(Ljava/time/LocalDateTime;)V" line="174"><counter type="INSTRUCTION" missed="0" covered="8"/><counter type="BRANCH" missed="0" covered="2"/><counter type="LINE" missed="0" covered="3"/><counter type="COMPLEXITY" missed="0" covered="2"/><counter type="METHOD" missed="0" covered="1"/></method><method name="validateType" desc="(Lcom/puntomartinez/millete/transactions/domain/model/Transaction$TransactionType;)V" line="182"><counter type="INSTRUCTION" missed="0" covered="8"/><counter type="BRANCH" missed="0" covered="2"/><counter type="LINE" missed="0" covered="3"/><counter type="COMPLEXITY" missed="0" covered="2"/><counter type="METHOD" missed="0" covered="1"/></method><method name="validateDescription" desc="(Ljava/lang/String;)V" line="190"><counter type="INSTRUCTION" missed="0" covered="20"/><counter type="BRANCH" missed="0" covered="6"/><counter type="LINE" missed="0" covered="5"/><counter type="COMPLEXITY" missed="0" covered="4"/><counter type="METHOD" missed="0" covered="1"/></method><method name="validateCreatedAt" desc="(Ljava/time/LocalDateTime;)V" line="204"><counter type="INSTRUCTION" missed="0" covered="8"/><counter type="BRANCH" missed="0" covered="2"/><counter type="LINE" missed="0" covered="3"/><counter type="COMPLEXITY" missed="0" covered="2"/><counter type="METHOD" missed="0" covered="1"/></method><method name="validateModifiedAt" desc="(Ljava/time/LocalDateTime;)V" line="212"><counter type="INSTRUCTION" missed="0" covered="8"/><counter type="BRANCH" missed="0" covered="2"/><counter type="LINE" missed="0" covered="3"/><counter type="COMPLEXITY" missed="0" covered="2"/><counter type="METHOD" missed="0" covered="1"/></method><counter type="INSTRUCTION" missed="0" covered="208"/><counter type="BRANCH" missed="0" covered="26"/><counter type="LINE" missed="0" covered="71"/><counter type="COMPLEXITY" missed="0" covered="27"/><counter type="METHOD" missed="0" covered="14"/><counter type="CLASS" missed="0" covered="1"/></class><class name="com/puntomartinez/millete/transactions/domain/model/Transaction$TransactionType" sourcefilename="Transaction.java"><method name="&lt;clinit&gt;" desc="()V" line="26"><counter type="INSTRUCTION" missed="0" covered="15"/><counter type="LINE" missed="0" covered="3"/><counter type="COMPLEXITY" missed="0" covered="1"/><counter type="METHOD" missed="0" covered="1"/></method><counter type="INSTRUCTION" missed="0" covered="15"/><counter type="LINE" missed="0" covered="3"/><counter type="COMPLEXITY" missed="0" covered="1"/><counter type="METHOD" missed="0" covered="1"/><counter type="CLASS" missed="0" covered="1"/></class><sourcefile name="Transaction.java"><line nr="26" mi="0" ci="3" mb="0" cb="0"/><line nr="27" mi="0" ci="6" mb="0" cb="0"/><line nr="28" mi="0" ci="6" mb="0" cb="0"/><line nr="42" mi="0" ci="2" mb="0" cb="0"/><line nr="43" mi="0" ci="2" mb="0" cb="0"/><line nr="44" mi="0" ci="2" mb="0" cb="0"/><line nr="45" mi="0" ci="2" mb="0" cb="0"/><line nr="46" mi="0" ci="2" mb="0" cb="0"/><line nr="47" mi="0" ci="2" mb="0" cb="0"/><line nr="48" mi="0" ci="2" mb="0" cb="0"/><line nr="49" mi="0" ci="2" mb="0" cb="0"/><line nr="50" mi="0" ci="2" mb="0" cb="0"/><line nr="52" mi="0" ci="3" mb="0" cb="0"/><line nr="53" mi="0" ci="3" mb="0" cb="0"/><line nr="54" mi="0" ci="3" mb="0" cb="0"/><line nr="55" mi="0" ci="3" mb="0" cb="0"/><line nr="56" mi="0" ci="3" mb="0" cb="0"/><line nr="57" mi="0" ci="3" mb="0" cb="0"/><line nr="58" mi="0" ci="3" mb="0" cb="0"/><line nr="59" mi="0" ci="3" mb="0" cb="0"/><line nr="60" mi="0" ci="3" mb="0" cb="0"/><line nr="61" mi="0" ci="3" mb="0" cb="0"/><line nr="62" mi="0" ci="1" mb="0" cb="0"/><line nr="72" mi="0" ci="2" mb="0" cb="0"/><line nr="73" mi="0" ci="3" mb="0" cb="0"/><line nr="74" mi="0" ci="11" mb="0" cb="0"/><line nr="99" mi="0" ci="14" mb="0" cb="0"/><line nr="120" mi="0" ci="2" mb="0" cb="0"/><line nr="121" mi="0" ci="2" mb="0" cb="0"/><line nr="122" mi="0" ci="2" mb="0" cb="0"/><line nr="123" mi="0" ci="2" mb="0" cb="0"/><line nr="125" mi="0" ci="3" mb="0" cb="0"/><line nr="126" mi="0" ci="3" mb="0" cb="0"/><line nr="127" mi="0" ci="3" mb="0" cb="0"/><line nr="128" mi="0" ci="3" mb="0" cb="0"/><line nr="129" mi="0" ci="3" mb="0" cb="0"/><line nr="130" mi="0" ci="3" mb="0" cb="0"/><line nr="131" mi="0" ci="1" mb="0" cb="0"/><line nr="134" mi="0" ci="3" mb="0" cb="2"/><line nr="135" mi="0" ci="1" mb="0" cb="0"/><line nr="137" mi="0" ci="3" mb="0" cb="0"/><line nr="138" mi="0" ci="3" mb="0" cb="0"/><line nr="139" mi="0" ci="1" mb="0" cb="0"/><line nr="142" mi="0" ci="3" mb="0" cb="2"/><line nr="143" mi="0" ci="1" mb="0" cb="0"/><line nr="145" mi="0" ci="3" mb="0" cb="0"/><line nr="146" mi="0" ci="3" mb="0" cb="0"/><line nr="147" mi="0" ci="1" mb="0" cb="0"/><line nr="150" mi="0" ci="2" mb="0" cb="2"/><line nr="151" mi="0" ci="5" mb="0" cb="0"/><line nr="155" mi="0" ci="1" mb="0" cb="0"/><line nr="158" mi="0" ci="2" mb="0" cb="2"/><line nr="159" mi="0" ci="5" mb="0" cb="0"/><line nr="163" mi="0" ci="1" mb="0" cb="0"/><line nr="166" mi="0" ci="6" mb="0" cb="4"/><line nr="167" mi="0" ci="5" mb="0" cb="0"/><line nr="171" mi="0" ci="1" mb="0" cb="0"/><line nr="174" mi="0" ci="2" mb="0" cb="2"/><line nr="175" mi="0" ci="5" mb="0" cb="0"/><line nr="179" mi="0" ci="1" mb="0" cb="0"/><line nr="182" mi="0" ci="2" mb="0" cb="2"/><line nr="183" mi="0" ci="5" mb="0" cb="0"/><line nr="187" mi="0" ci="1" mb="0" cb="0"/><line nr="190" mi="0" ci="5" mb="0" cb="4"/><line nr="191" mi="0" ci="5" mb="0" cb="0"/><line nr="195" mi="0" ci="4" mb="0" cb="2"/><line nr="196" mi="0" ci="5" mb="0" cb="0"/><line nr="201" mi="0" ci="1" mb="0" cb="0"/><line nr="204" mi="0" ci="2" mb="0" cb="2"/><line nr="205" mi="0" ci="5" mb="0" cb="0"/><line nr="209" mi="0" ci="1" mb="0" cb="0"/><line nr="212" mi="0" ci="2" mb="0" cb="2"/><line nr="213" mi="0" ci="5" mb="0" cb="0"/><line nr="217" mi="0" ci="1" mb="0" cb="0"/><counter type="INSTRUCTION" missed="0" covered="223"/><counter type="BRANCH" missed="0" covered="26"/><counter type="LINE" missed="0" covered="74"/><counter type="COMPLEXITY" missed="0" covered="28"/><counter type="METHOD" missed="0" covered="15"/><counter type="CLASS" missed="0" covered="2"/></sourcefile><counter type="INSTRUCTION" missed="0" covered="223"/><counter type="BRANCH" missed="0" covered="26"/><counter type="LINE" missed="0" covered="74"/><counter type="COMPLEXITY" missed="0" covered="28"/><counter type="METHOD" missed="0" covered="15"/><counter type="CLASS" missed="0" covered="2"/></package><package name="com/puntomartinez/millete/plannedtransactions/infrastructure/in/controller/dto"><class name="com/puntomartinez/millete/plannedtransactions/infrastructure/in/controller/dto/RegisterPlannedTransactionRequestDTO" sourcefilename="RegisterPlannedTransactionRequestDTO.java"><method name="&lt;init&gt;" desc="(Ljava/util/UUID;Ljava/math/BigDecimal;Lcom/puntomartinez/millete/transactions/domain/model/Transaction$TransactionType;Ljava/lang/String;Lcom/puntomartinez/millete/plannedtransactions/domain/model/PlannedTransaction$FrequencyType;Ljava/lang/Integer;Ljava/time/LocalDate;Ljava/time/LocalDate;)V" line="14"><counter type="INSTRUCTION" missed="0" covered="27"/><counter type="LINE" missed="0" covered="1"/><counter type="COMPLEXITY" missed="0" covered="1"/><counter type="METHOD" missed="0" covered="1"/></method><counter type="INSTRUCTION" missed="0" covered="27"/><counter type="LINE" missed="0" covered="1"/><counter type="COMPLEXITY" missed="0" covered="1"/><counter type="METHOD" missed="0" covered="1"/><counter type="CLASS" missed="0" covered="1"/></class><class name="com/puntomartinez/millete/plannedtransactions/infrastructure/in/controller/dto/PlannedTransactionResponseDTO" sourcefilename="PlannedTransactionResponseDTO.java"><method name="&lt;init&gt;" desc="(Ljava/util/UUID;Ljava/util/UUID;Ljava/lang/String;Ljava/math/BigDecimal;Lcom/puntomartinez/millete/transactions/domain/model/Transaction$TransactionType;Ljava/lang/String;Lcom/puntomartinez/millete/plannedtransactions/domain/model/PlannedTransaction$FrequencyType;Ljava/lang/Integer;Ljava/time/LocalDate;Ljava/time/LocalDate;Ljava/time/LocalDate;Z)V" line="10"><counter type="INSTRUCTION" missed="0" covered="39"/><counter type="LINE" missed="0" covered="1"/><counter type="COMPLEXITY" missed="0" covered="1"/><counter type="METHOD" missed="0" covered="1"/></method><counter type="INSTRUCTION" missed="0" covered="39"/><counter type="LINE" missed="0" covered="1"/><counter type="COMPLEXITY" missed="0" covered="1"/><counter type="METHOD" missed="0" covered="1"/><counter type="CLASS" missed="0" covered="1"/></class><class name="com/puntomartinez/millete/plannedtransactions/infrastructure/in/controller/dto/UpdatePlannedTransactionRequestDTO" sourcefilename="UpdatePlannedTransactionRequestDTO.java"><method name="&lt;init&gt;" desc="(Ljava/lang/String;Lcom/puntomartinez/millete/transactions/domain/model/Transaction$TransactionType;Ljava/math/BigDecimal;Lcom/puntomartinez/millete/plannedtransactions/domain/model/PlannedTransaction$FrequencyType;Ljava/lang/Integer;Ljava/util/UUID;)V" line="13"><counter type="INSTRUCTION" missed="0" covered="21"/><counter type="LINE" missed="0" covered="1"/><counter type="COMPLEXITY" missed="0" covered="1"/><counter type="METHOD" missed="0" covered="1"/></method><counter type="INSTRUCTION" missed="0" covered="21"/><counter type="LINE" missed="0" covered="1"/><counter type="COMPLEXITY" missed="0" covered="1"/><counter type="METHOD" missed="0" covered="1"/><counter type="CLASS" missed="0" covered="1"/></class><sourcefile name="RegisterPlannedTransactionRequestDTO.java"><line nr="14" mi="0" ci="27" mb="0" cb="0"/><counter type="INSTRUCTION" missed="0" covered="27"/><counter type="LINE" missed="0" covered="1"/><counter type="COMPLEXITY" missed="0" covered="1"/><counter type="METHOD" missed="0" covered="1"/><counter type="CLASS" missed="0" covered="1"/></sourcefile><sourcefile name="UpdatePlannedTransactionRequestDTO.java"><line nr="13" mi="0" ci="21" mb="0" cb="0"/><counter type="INSTRUCTION" missed="0" covered="21"/><counter type="LINE" missed="0" covered="1"/><counter type="COMPLEXITY" missed="0" covered="1"/><counter type="METHOD" missed="0" covered="1"/><counter type="CLASS" missed="0" covered="1"/></sourcefile><sourcefile name="PlannedTransactionResponseDTO.java"><line nr="10" mi="0" ci="39" mb="0" cb="0"/><counter type="INSTRUCTION" missed="0" covered="39"/><counter type="LINE" missed="0" covered="1"/><counter type="COMPLEXITY" missed="0" covered="1"/><counter type="METHOD" missed="0" covered="1"/><counter type="CLASS" missed="0" covered="1"/></sourcefile><counter type="INSTRUCTION" missed="0" covered="87"/><counter type="LINE" missed="0" covered="3"/><counter type="COMPLEXITY" missed="0" covered="3"/><counter type="METHOD" missed="0" covered="3"/><counter type="CLASS" missed="0" covered="3"/></package><package name="com/puntomartinez/millete/categories/domain/ports/out"><class name="com/puntomartinez/millete/categories/domain/ports/out/CategoryRepository" sourcefilename="CategoryRepository.java"/><sourcefile name="CategoryRepository.java"/></package><counter type="INSTRUCTION" missed="5063" covered="18912"/><counter type="BRANCH" missed="412" covered="1051"/><counter type="LINE" missed="1206" covered="5121"/><counter type="COMPLEXITY" missed="513" covered="1422"/><counter type="METHOD" missed="202" covered="987"/><counter type="CLASS" missed="41" covered="242"/></report>